<?xml version="1.0" encoding="UTF-8"?>
<coverage generated="1764022767843" clover="3.2.0">
  <project timestamp="1764022767843" name="All files">
    <metrics statements="352" coveredstatements="320" conditionals="198" coveredconditionals="156" methods="84" coveredmethods="79" elements="634" coveredelements="555" complexity="0" loc="352" ncloc="352" packages="3" files="4" classes="4"/>
    <package name="machine">
      <metrics statements="53" coveredstatements="51" conditionals="42" coveredconditionals="27" methods="31" coveredmethods="31"/>
      <file name="authMachine.ts" path="/Users/vladimir/auth/src/features/auth/machine/authMachine.ts">
        <metrics statements="53" coveredstatements="51" conditionals="42" coveredconditionals="27" methods="31" coveredmethods="31"/>
        <line num="6" count="1" type="stmt"/>
        <line num="18" count="1" type="stmt"/>
        <line num="34" count="1" type="stmt"/>
        <line num="37" count="7" type="cond" truecount="1" falsecount="0"/>
        <line num="42" count="2" type="stmt"/>
        <line num="44" count="5" type="stmt"/>
        <line num="52" count="1" type="stmt"/>
        <line num="55" count="12" type="stmt"/>
        <line num="86" count="1" type="stmt"/>
        <line num="87" count="22" type="stmt"/>
        <line num="94" count="22" type="stmt"/>
        <line num="98" count="8" type="stmt"/>
        <line num="102" count="8" type="stmt"/>
        <line num="107" count="5" type="stmt"/>
        <line num="111" count="7" type="stmt"/>
        <line num="115" count="3" type="stmt"/>
        <line num="120" count="1" type="stmt"/>
        <line num="124" count="1" type="stmt"/>
        <line num="131" count="5" type="stmt"/>
        <line num="132" count="5" type="cond" truecount="1" falsecount="1"/>
        <line num="140" count="11" type="cond" truecount="2" falsecount="0"/>
        <line num="141" count="11" type="stmt"/>
        <line num="153" count="13" type="stmt"/>
        <line num="169" count="8" type="stmt"/>
        <line num="170" count="8" type="stmt"/>
        <line num="179" count="3" type="stmt"/>
        <line num="180" count="3" type="cond" truecount="1" falsecount="1"/>
        <line num="186" count="2" type="stmt"/>
        <line num="187" count="2" type="cond" truecount="1" falsecount="1"/>
        <line num="193" count="1" type="stmt"/>
        <line num="194" count="1" type="cond" truecount="0" falsecount="1"/>
        <line num="195" count="0" type="stmt"/>
        <line num="197" count="1" type="stmt"/>
        <line num="217" count="21" type="stmt"/>
        <line num="254" count="4" type="stmt"/>
        <line num="255" count="4" type="cond" truecount="1" falsecount="1"/>
        <line num="302" count="8" type="stmt"/>
        <line num="303" count="8" type="cond" truecount="1" falsecount="1"/>
        <line num="315" count="5" type="stmt"/>
        <line num="327" count="4" type="stmt"/>
        <line num="344" count="3" type="stmt"/>
        <line num="363" count="3" type="cond" truecount="1" falsecount="0"/>
        <line num="364" count="1" type="stmt"/>
        <line num="368" count="2" type="stmt"/>
        <line num="415" count="5" type="stmt"/>
        <line num="416" count="5" type="cond" truecount="1" falsecount="1"/>
        <line num="428" count="4" type="stmt"/>
        <line num="440" count="3" type="stmt"/>
        <line num="457" count="2" type="stmt"/>
        <line num="466" count="1" type="stmt"/>
        <line num="483" count="1" type="cond" truecount="1" falsecount="0"/>
        <line num="484" count="1" type="stmt"/>
        <line num="488" count="0" type="stmt"/>
      </file>
    </package>
    <package name="repositories">
      <metrics statements="160" coveredstatements="153" conditionals="51" coveredconditionals="45" methods="24" coveredmethods="24"/>
      <file name="AuthRepository.ts" path="/Users/vladimir/auth/src/features/auth/repositories/AuthRepository.ts">
        <metrics statements="160" coveredstatements="153" conditionals="51" coveredconditionals="45" methods="24" coveredmethods="24"/>
        <line num="6" count="2" type="stmt"/>
        <line num="27" count="2" type="stmt"/>
        <line num="28" count="2" type="stmt"/>
        <line num="34" count="2" type="stmt"/>
        <line num="40" count="2" type="stmt"/>
        <line num="46" count="2" type="stmt"/>
        <line num="54" count="75" type="stmt"/>
        <line num="55" count="75" type="stmt"/>
        <line num="61" count="75" type="stmt"/>
        <line num="68" count="75" type="stmt"/>
        <line num="70" count="4" type="stmt"/>
        <line num="75" count="1" type="stmt"/>
        <line num="76" count="1" type="cond" truecount="0" falsecount="1"/>
        <line num="79" count="0" type="stmt"/>
        <line num="82" count="1" type="stmt"/>
        <line num="83" count="1" type="cond" truecount="0" falsecount="1"/>
        <line num="88" count="0" type="stmt"/>
        <line num="91" count="1" type="stmt"/>
        <line num="95" count="1" type="stmt"/>
        <line num="100" count="1" type="cond" truecount="2" falsecount="1"/>
        <line num="101" count="0" type="stmt"/>
        <line num="106" count="1" type="stmt"/>
        <line num="110" count="1" type="stmt"/>
        <line num="111" count="1" type="stmt"/>
        <line num="115" count="75" type="stmt"/>
        <line num="117" count="2" type="stmt"/>
        <line num="121" count="75" type="stmt"/>
        <line num="123" count="2" type="stmt"/>
        <line num="127" count="75" type="stmt"/>
        <line num="129" count="2" type="stmt"/>
        <line num="132" count="1" type="stmt"/>
        <line num="136" count="75" type="stmt"/>
        <line num="138" count="2" type="stmt"/>
        <line num="142" count="75" type="stmt"/>
        <line num="144" count="2" type="stmt"/>
        <line num="150" count="21" type="stmt"/>
        <line num="151" count="21" type="cond" truecount="1" falsecount="0"/>
        <line num="154" count="19" type="cond" truecount="1" falsecount="0"/>
        <line num="155" count="4" type="stmt"/>
        <line num="159" count="15" type="stmt"/>
        <line num="165" count="4" type="cond" truecount="1" falsecount="0"/>
        <line num="167" count="3" type="stmt"/>
        <line num="168" count="3" type="stmt"/>
        <line num="171" count="1" type="stmt"/>
        <line num="173" count="1" type="stmt"/>
        <line num="176" count="1" type="stmt"/>
        <line num="177" count="1" type="stmt"/>
        <line num="178" count="1" type="stmt"/>
        <line num="185" count="16" type="stmt"/>
        <line num="186" count="16" type="stmt"/>
        <line num="191" count="5" type="stmt"/>
        <line num="192" count="5" type="cond" truecount="1" falsecount="0"/>
        <line num="193" count="1" type="stmt"/>
        <line num="194" count="1" type="stmt"/>
        <line num="197" count="4" type="stmt"/>
        <line num="198" count="4" type="stmt"/>
        <line num="199" count="4" type="stmt"/>
        <line num="201" count="11" type="cond" truecount="1" falsecount="0"/>
        <line num="202" count="11" type="stmt"/>
        <line num="203" count="11" type="cond" truecount="1" falsecount="0"/>
        <line num="205" count="7" type="stmt"/>
        <line num="209" count="4" type="stmt"/>
        <line num="214" count="7" type="stmt"/>
        <line num="215" count="7" type="cond" truecount="1" falsecount="0"/>
        <line num="218" count="5" type="cond" truecount="1" falsecount="0"/>
        <line num="219" count="4" type="stmt"/>
        <line num="221" count="5" type="stmt"/>
        <line num="224" count="2" type="stmt"/>
        <line num="226" count="2" type="stmt"/>
        <line num="229" count="1" type="stmt"/>
        <line num="230" count="1" type="stmt"/>
        <line num="231" count="1" type="stmt"/>
        <line num="255" count="75" type="stmt"/>
        <line num="257" count="8" type="stmt"/>
        <line num="262" count="5" type="stmt"/>
        <line num="263" count="5" type="cond" truecount="0" falsecount="1"/>
        <line num="266" count="0" type="stmt"/>
        <line num="269" count="5" type="stmt"/>
        <line num="270" count="5" type="cond" truecount="0" falsecount="1"/>
        <line num="275" count="0" type="stmt"/>
        <line num="280" count="5" type="stmt"/>
        <line num="284" count="5" type="cond" truecount="2" falsecount="1"/>
        <line num="285" count="0" type="stmt"/>
        <line num="291" count="5" type="stmt"/>
        <line num="292" count="5" type="cond" truecount="1" falsecount="0"/>
        <line num="293" count="1" type="stmt"/>
        <line num="298" count="4" type="stmt"/>
        <line num="299" count="4" type="stmt"/>
        <line num="306" count="3" type="stmt"/>
        <line num="307" count="3" type="cond" truecount="1" falsecount="0"/>
        <line num="308" count="3" type="stmt"/>
        <line num="313" count="1" type="stmt"/>
        <line num="318" count="1" type="stmt"/>
        <line num="322" count="4" type="stmt"/>
        <line num="328" count="4" type="stmt"/>
        <line num="329" count="4" type="stmt"/>
        <line num="334" count="10" type="stmt"/>
        <line num="343" count="4" type="stmt"/>
        <line num="344" count="4" type="cond" truecount="1" falsecount="0"/>
        <line num="346" count="3" type="stmt"/>
        <line num="347" count="3" type="stmt"/>
        <line num="351" count="2" type="stmt"/>
        <line num="352" count="2" type="cond" truecount="1" falsecount="0"/>
        <line num="353" count="1" type="stmt"/>
        <line num="357" count="1" type="stmt"/>
        <line num="363" count="1" type="stmt"/>
        <line num="364" count="1" type="stmt"/>
        <line num="367" count="1" type="stmt"/>
        <line num="374" count="10" type="stmt"/>
        <line num="378" count="45" type="stmt"/>
        <line num="379" count="45" type="cond" truecount="1" falsecount="0"/>
        <line num="382" count="41" type="stmt"/>
        <line num="383" count="41" type="stmt"/>
        <line num="384" count="37" type="stmt"/>
        <line num="386" count="4" type="stmt"/>
        <line num="388" count="4" type="cond" truecount="3" falsecount="0"/>
        <line num="389" count="3" type="stmt"/>
        <line num="393" count="1" type="stmt"/>
        <line num="399" count="37" type="cond" truecount="1" falsecount="0"/>
        <line num="404" count="3" type="stmt"/>
        <line num="408" count="34" type="cond" truecount="1" falsecount="0"/>
        <line num="412" count="32" type="stmt"/>
        <line num="418" count="32" type="stmt"/>
        <line num="425" count="2" type="stmt"/>
        <line num="431" count="32" type="cond" truecount="1" falsecount="0"/>
        <line num="432" count="13" type="stmt"/>
        <line num="434" count="19" type="stmt"/>
        <line num="440" count="32" type="cond" truecount="3" falsecount="0"/>
        <line num="441" count="4" type="stmt"/>
        <line num="443" count="28" type="stmt"/>
        <line num="461" count="33" type="stmt"/>
        <line num="462" count="33" type="stmt"/>
        <line num="463" count="33" type="cond" truecount="1" falsecount="0"/>
        <line num="466" count="32" type="stmt"/>
        <line num="469" count="32" type="cond" truecount="2" falsecount="0"/>
        <line num="471" count="29" type="stmt"/>
        <line num="472" count="29" type="stmt"/>
        <line num="475" count="3" type="stmt"/>
        <line num="477" count="3" type="cond" truecount="2" falsecount="0"/>
        <line num="479" count="2" type="stmt"/>
        <line num="480" count="2" type="stmt"/>
        <line num="483" count="0" type="stmt"/>
        <line num="488" count="1" type="stmt"/>
        <line num="491" count="28" type="stmt"/>
        <line num="495" count="24" type="cond" truecount="3" falsecount="0"/>
        <line num="498" count="21" type="stmt"/>
        <line num="500" count="21" type="stmt"/>
        <line num="503" count="4" type="stmt"/>
        <line num="508" count="75" type="stmt"/>
        <line num="509" count="1" type="stmt"/>
        <line num="511" count="3" type="stmt"/>
        <line num="512" count="3" type="cond" truecount="1" falsecount="0"/>
        <line num="514" count="2" type="cond" truecount="2" falsecount="0"/>
        <line num="517" count="2" type="cond" truecount="3" falsecount="0"/>
        <line num="521" count="2" type="cond" truecount="1" falsecount="0"/>
        <line num="522" count="1" type="stmt"/>
        <line num="524" count="1" type="stmt"/>
        <line num="525" count="1" type="stmt"/>
        <line num="526" count="1" type="stmt"/>
        <line num="528" count="1" type="stmt"/>
      </file>
    </package>
    <package name="utils">
      <metrics statements="139" coveredstatements="116" conditionals="105" coveredconditionals="84" methods="29" coveredmethods="24"/>
      <file name="errorHandler.ts" path="/Users/vladimir/auth/src/features/auth/utils/errorHandler.ts">
        <metrics statements="21" coveredstatements="20" conditionals="10" coveredconditionals="10" methods="3" coveredmethods="3"/>
        <line num="1" count="3" type="stmt"/>
        <line num="2" count="3" type="stmt"/>
        <line num="9" count="3" type="stmt"/>
        <line num="10" count="19" type="cond" truecount="1" falsecount="0"/>
        <line num="11" count="17" type="stmt"/>
        <line num="12" count="17" type="cond" truecount="2" falsecount="0"/>
        <line num="15" count="17" type="stmt"/>
        <line num="16" count="17" type="cond" truecount="3" falsecount="0"/>
        <line num="17" count="11" type="stmt"/>
        <line num="21" count="6" type="cond" truecount="3" falsecount="0"/>
        <line num="22" count="4" type="stmt"/>
        <line num="26" count="2" type="stmt"/>
        <line num="30" count="2" type="stmt"/>
        <line num="38" count="3" type="stmt"/>
        <line num="39" count="528" type="stmt"/>
        <line num="40" count="25" type="stmt"/>
        <line num="41" count="25" type="stmt"/>
        <line num="42" count="24" type="cond" truecount="1" falsecount="0"/>
        <line num="43" count="24" type="stmt"/>
        <line num="45" count="0" type="stmt"/>
        <line num="47" count="1" type="stmt"/>
      </file>
      <file name="safetyUtils.ts" path="/Users/vladimir/auth/src/features/auth/utils/safetyUtils.ts">
        <metrics statements="118" coveredstatements="96" conditionals="95" coveredconditionals="74" methods="26" coveredmethods="21"/>
        <line num="20" count="6" type="stmt"/>
        <line num="25" count="56" type="cond" truecount="4" falsecount="0"/>
        <line num="26" count="5" type="stmt"/>
        <line num="29" count="51" type="stmt"/>
        <line num="30" count="51" type="stmt"/>
        <line num="31" count="54" type="stmt"/>
        <line num="32" count="54" type="stmt"/>
        <line num="48" count="6" type="stmt"/>
        <line num="49" count="15" type="stmt"/>
        <line num="51" count="15" type="stmt"/>
        <line num="52" count="15" type="cond" truecount="3" falsecount="0"/>
        <line num="53" count="14" type="cond" truecount="2" falsecount="1"/>
        <line num="54" count="0" type="stmt"/>
        <line num="56" count="14" type="cond" truecount="3" falsecount="0"/>
        <line num="57" count="9" type="stmt"/>
        <line num="59" count="5" type="cond" truecount="3" falsecount="0"/>
        <line num="60" count="1" type="stmt"/>
        <line num="62" count="4" type="cond" truecount="1" falsecount="2"/>
        <line num="63" count="0" type="stmt"/>
        <line num="69" count="5" type="stmt"/>
        <line num="75" count="6" type="stmt"/>
        <line num="78" count="60" type="cond" truecount="1" falsecount="0"/>
        <line num="83" count="56" type="stmt"/>
        <line num="85" count="4" type="stmt"/>
        <line num="91" count="6" type="stmt"/>
        <line num="94" count="4" type="stmt"/>
        <line num="95" count="4" type="cond" truecount="1" falsecount="0"/>
        <line num="96" count="4" type="stmt"/>
        <line num="98" count="0" type="stmt"/>
        <line num="104" count="6" type="stmt"/>
        <line num="108" count="30" type="stmt"/>
        <line num="109" count="30" type="cond" truecount="3" falsecount="0"/>
        <line num="110" count="24" type="stmt"/>
        <line num="112" count="6" type="stmt"/>
        <line num="118" count="6" type="stmt"/>
        <line num="121" count="13" type="cond" truecount="3" falsecount="0"/>
        <line num="122" count="12" type="stmt"/>
        <line num="124" count="1" type="stmt"/>
        <line num="130" count="6" type="stmt"/>
        <line num="131" count="15" type="stmt"/>
        <line num="137" count="6" type="stmt"/>
        <line num="138" count="9" type="stmt"/>
        <line num="144" count="6" type="stmt"/>
        <line num="145" count="2" type="stmt"/>
        <line num="151" count="6" type="stmt"/>
        <line num="155" count="0" type="cond" truecount="0" falsecount="2"/>
        <line num="161" count="6" type="stmt"/>
        <line num="164" count="16" type="cond" truecount="3" falsecount="0"/>
        <line num="165" count="16" type="stmt"/>
        <line num="166" count="16" type="stmt"/>
        <line num="173" count="0" type="stmt"/>
        <line num="179" count="6" type="stmt"/>
        <line num="182" count="5" type="cond" truecount="3" falsecount="0"/>
        <line num="183" count="5" type="stmt"/>
        <line num="184" count="5" type="cond" truecount="2" falsecount="0"/>
        <line num="186" count="0" type="stmt"/>
        <line num="192" count="6" type="stmt"/>
        <line num="195" count="0" type="cond" truecount="0" falsecount="3"/>
        <line num="196" count="0" type="stmt"/>
        <line num="197" count="0" type="stmt"/>
        <line num="204" count="0" type="stmt"/>
        <line num="210" count="6" type="stmt"/>
        <line num="213" count="16" type="stmt"/>
        <line num="214" count="16" type="cond" truecount="1" falsecount="0"/>
        <line num="215" count="16" type="stmt"/>
        <line num="217" count="0" type="stmt"/>
        <line num="223" count="6" type="stmt"/>
        <line num="226" count="5" type="stmt"/>
        <line num="227" count="5" type="cond" truecount="1" falsecount="0"/>
        <line num="228" count="5" type="stmt"/>
        <line num="230" count="0" type="stmt"/>
        <line num="236" count="6" type="stmt"/>
        <line num="239" count="0" type="stmt"/>
        <line num="240" count="0" type="cond" truecount="0" falsecount="1"/>
        <line num="241" count="0" type="stmt"/>
        <line num="243" count="0" type="stmt"/>
        <line num="249" count="6" type="stmt"/>
        <line num="252" count="1" type="stmt"/>
        <line num="253" count="1" type="cond" truecount="3" falsecount="0"/>
        <line num="254" count="1" type="stmt"/>
        <line num="256" count="0" type="stmt"/>
        <line num="262" count="6" type="stmt"/>
        <line num="265" count="5" type="stmt"/>
        <line num="266" count="5" type="cond" truecount="1" falsecount="0"/>
        <line num="267" count="5" type="stmt"/>
        <line num="269" count="0" type="stmt"/>
        <line num="275" count="6" type="stmt"/>
        <line num="278" count="10" type="cond" truecount="3" falsecount="0"/>
        <line num="279" count="9" type="stmt"/>
        <line num="280" count="9" type="cond" truecount="2" falsecount="0"/>
        <line num="282" count="1" type="stmt"/>
        <line num="288" count="6" type="stmt"/>
        <line num="289" count="10" type="cond" truecount="3" falsecount="0"/>
        <line num="291" count="9" type="stmt"/>
        <line num="292" count="9" type="stmt"/>
        <line num="300" count="6" type="stmt"/>
        <line num="301" count="19" type="cond" truecount="3" falsecount="0"/>
        <line num="303" count="18" type="stmt"/>
        <line num="304" count="18" type="cond" truecount="2" falsecount="0"/>
        <line num="309" count="6" type="stmt"/>
        <line num="310" count="0" type="cond" truecount="0" falsecount="4"/>
        <line num="316" count="6" type="stmt"/>
        <line num="319" count="0" type="cond" truecount="0" falsecount="3"/>
        <line num="320" count="0" type="stmt"/>
        <line num="322" count="0" type="stmt"/>
        <line num="328" count="6" type="stmt"/>
        <line num="333" count="41" type="cond" truecount="3" falsecount="0"/>
        <line num="335" count="35" type="stmt"/>
        <line num="336" count="35" type="stmt"/>
        <line num="338" count="35" type="stmt"/>
        <line num="339" count="46" type="cond" truecount="4" falsecount="0"/>
        <line num="340" count="8" type="stmt"/>
        <line num="342" count="38" type="stmt"/>
        <line num="345" count="27" type="stmt"/>
        <line num="351" count="6" type="stmt"/>
        <line num="356" count="11" type="cond" truecount="4" falsecount="0"/>
        <line num="357" count="8" type="stmt"/>
        <line num="359" count="3" type="stmt"/>
      </file>
    </package>
  </project>
</coverage>
