{"/Users/vladimir/auth/src/features/auth/machine/authMachine.ts": {"path":"/Users/vladimir/auth/src/features/auth/machine/authMachine.ts","statementMap":{"0":{"start":{"line":6,"column":0},"end":{"line":6,"column":52}},"1":{"start":{"line":19,"column":43},"end":{"line":30,"column":1}},"2":{"start":{"line":22,"column":2},"end":{"line":28,"column":3}},"3":{"start":{"line":27,"column":4},"end":{"line":27,"column":28}},"4":{"start":{"line":29,"column":2},"end":{"line":29,"column":12}},"5":{"start":{"line":19,"column":13},"end":{"line":19,"column":43}},"6":{"start":{"line":54,"column":33},"end":{"line":447,"column":1}},"7":{"start":{"line":55,"column":2},"end":{"line":446,"column":5}},"8":{"start":{"line":62,"column":8},"end":{"line":62,"column":51}},"9":{"start":{"line":65,"column":8},"end":{"line":65,"column":49}},"10":{"start":{"line":69,"column":10},"end":{"line":69,"column":54}},"11":{"start":{"line":74,"column":10},"end":{"line":74,"column":66}},"12":{"start":{"line":78,"column":8},"end":{"line":78,"column":53}},"13":{"start":{"line":82,"column":10},"end":{"line":82,"column":66}},"14":{"start":{"line":87,"column":10},"end":{"line":87,"column":67}},"15":{"start":{"line":91,"column":8},"end":{"line":91,"column":45}},"16":{"start":{"line":96,"column":33},"end":{"line":96,"column":68}},"17":{"start":{"line":100,"column":31},"end":{"line":104,"column":10}},"18":{"start":{"line":113,"column":31},"end":{"line":113,"column":59}},"19":{"start":{"line":126,"column":44},"end":{"line":126,"column":65}},"20":{"start":{"line":132,"column":49},"end":{"line":132,"column":69}},"21":{"start":{"line":135,"column":42},"end":{"line":135,"column":62}},"22":{"start":{"line":138,"column":53},"end":{"line":141,"column":10}},"23":{"start":{"line":157,"column":36},"end":{"line":157,"column":50}},"24":{"start":{"line":193,"column":41},"end":{"line":193,"column":62}},"25":{"start":{"line":237,"column":41},"end":{"line":237,"column":62}},"26":{"start":{"line":248,"column":44},"end":{"line":248,"column":59}},"27":{"start":{"line":260,"column":50},"end":{"line":263,"column":20}},"28":{"start":{"line":277,"column":43},"end":{"line":282,"column":20}},"29":{"start":{"line":293,"column":42},"end":{"line":293,"column":99}},"30":{"start":{"line":338,"column":41},"end":{"line":338,"column":62}},"31":{"start":{"line":349,"column":44},"end":{"line":349,"column":59}},"32":{"start":{"line":361,"column":50},"end":{"line":364,"column":20}},"33":{"start":{"line":378,"column":44},"end":{"line":378,"column":70}},"34":{"start":{"line":387,"column":43},"end":{"line":390,"column":20}},"35":{"start":{"line":401,"column":42},"end":{"line":401,"column":99}},"36":{"start":{"line":54,"column":13},"end":{"line":54,"column":33}}},"fnMap":{"0":{"name":"(anonymous_0)","decl":{"start":{"line":19,"column":43},"end":{"line":19,"column":null}},"loc":{"start":{"line":21,"column":12},"end":{"line":30,"column":1}}},"1":{"name":"(anonymous_1)","decl":{"start":{"line":54,"column":33},"end":{"line":54,"column":34}},"loc":{"start":{"line":54,"column":69},"end":{"line":447,"column":1}}},"2":{"name":"(anonymous_2)","decl":{"start":{"line":61,"column":38},"end":{"line":61,"column":43}},"loc":{"start":{"line":61,"column":49},"end":{"line":63,"column":7}}},"3":{"name":"(anonymous_3)","decl":{"start":{"line":64,"column":29},"end":{"line":64,"column":34}},"loc":{"start":{"line":64,"column":77},"end":{"line":66,"column":7}}},"4":{"name":"(anonymous_4)","decl":{"start":{"line":68,"column":8},"end":{"line":68,"column":13}},"loc":{"start":{"line":68,"column":59},"end":{"line":70,"column":9}}},"5":{"name":"(anonymous_5)","decl":{"start":{"line":73,"column":8},"end":{"line":73,"column":13}},"loc":{"start":{"line":73,"column":54},"end":{"line":75,"column":9}}},"6":{"name":"(anonymous_6)","decl":{"start":{"line":77,"column":29},"end":{"line":77,"column":34}},"loc":{"start":{"line":77,"column":74},"end":{"line":79,"column":7}}},"7":{"name":"(anonymous_7)","decl":{"start":{"line":81,"column":8},"end":{"line":81,"column":13}},"loc":{"start":{"line":81,"column":64},"end":{"line":83,"column":9}}},"8":{"name":"(anonymous_8)","decl":{"start":{"line":86,"column":8},"end":{"line":86,"column":13}},"loc":{"start":{"line":86,"column":65},"end":{"line":88,"column":9}}},"9":{"name":"(anonymous_9)","decl":{"start":{"line":90,"column":30},"end":{"line":90,"column":35}},"loc":{"start":{"line":90,"column":41},"end":{"line":92,"column":7}}},"10":{"name":"(anonymous_10)","decl":{"start":{"line":96,"column":17},"end":{"line":96,"column":18}},"loc":{"start":{"line":96,"column":33},"end":{"line":96,"column":68}}},"11":{"name":"(anonymous_11)","decl":{"start":{"line":100,"column":15},"end":{"line":100,"column":16}},"loc":{"start":{"line":100,"column":31},"end":{"line":104,"column":10}}},"12":{"name":"(anonymous_12)","decl":{"start":{"line":113,"column":15},"end":{"line":113,"column":16}},"loc":{"start":{"line":113,"column":31},"end":{"line":113,"column":59}}},"13":{"name":"(anonymous_13)","decl":{"start":{"line":126,"column":28},"end":{"line":126,"column":29}},"loc":{"start":{"line":126,"column":44},"end":{"line":126,"column":65}}},"14":{"name":"(anonymous_14)","decl":{"start":{"line":132,"column":33},"end":{"line":132,"column":34}},"loc":{"start":{"line":132,"column":49},"end":{"line":132,"column":69}}},"15":{"name":"(anonymous_15)","decl":{"start":{"line":135,"column":26},"end":{"line":135,"column":27}},"loc":{"start":{"line":135,"column":42},"end":{"line":135,"column":62}}},"16":{"name":"(anonymous_16)","decl":{"start":{"line":138,"column":28},"end":{"line":138,"column":29}},"loc":{"start":{"line":138,"column":53},"end":{"line":141,"column":10}}},"17":{"name":"(anonymous_17)","decl":{"start":{"line":157,"column":21},"end":{"line":157,"column":22}},"loc":{"start":{"line":157,"column":36},"end":{"line":157,"column":50}}},"18":{"name":"(anonymous_18)","decl":{"start":{"line":193,"column":25},"end":{"line":193,"column":26}},"loc":{"start":{"line":193,"column":41},"end":{"line":193,"column":62}}},"19":{"name":"(anonymous_19)","decl":{"start":{"line":237,"column":25},"end":{"line":237,"column":26}},"loc":{"start":{"line":237,"column":41},"end":{"line":237,"column":62}}},"20":{"name":"(anonymous_20)","decl":{"start":{"line":248,"column":27},"end":{"line":248,"column":28}},"loc":{"start":{"line":248,"column":44},"end":{"line":248,"column":59}}},"21":{"name":"(anonymous_21)","decl":{"start":{"line":260,"column":25},"end":{"line":260,"column":26}},"loc":{"start":{"line":260,"column":50},"end":{"line":263,"column":20}}},"22":{"name":"(anonymous_22)","decl":{"start":{"line":277,"column":25},"end":{"line":277,"column":26}},"loc":{"start":{"line":277,"column":43},"end":{"line":282,"column":20}}},"23":{"name":"(anonymous_23)","decl":{"start":{"line":293,"column":25},"end":{"line":293,"column":26}},"loc":{"start":{"line":293,"column":42},"end":{"line":293,"column":99}}},"24":{"name":"(anonymous_24)","decl":{"start":{"line":338,"column":25},"end":{"line":338,"column":26}},"loc":{"start":{"line":338,"column":41},"end":{"line":338,"column":62}}},"25":{"name":"(anonymous_25)","decl":{"start":{"line":349,"column":27},"end":{"line":349,"column":28}},"loc":{"start":{"line":349,"column":44},"end":{"line":349,"column":59}}},"26":{"name":"(anonymous_26)","decl":{"start":{"line":361,"column":25},"end":{"line":361,"column":26}},"loc":{"start":{"line":361,"column":50},"end":{"line":364,"column":20}}},"27":{"name":"(anonymous_27)","decl":{"start":{"line":378,"column":27},"end":{"line":378,"column":28}},"loc":{"start":{"line":378,"column":44},"end":{"line":378,"column":70}}},"28":{"name":"(anonymous_28)","decl":{"start":{"line":387,"column":25},"end":{"line":387,"column":26}},"loc":{"start":{"line":387,"column":43},"end":{"line":390,"column":20}}},"29":{"name":"(anonymous_29)","decl":{"start":{"line":401,"column":25},"end":{"line":401,"column":26}},"loc":{"start":{"line":401,"column":42},"end":{"line":401,"column":99}}}},"branchMap":{"0":{"loc":{"start":{"line":22,"column":2},"end":{"line":28,"column":3}},"type":"if","locations":[{"start":{"line":22,"column":2},"end":{"line":28,"column":3}}]},"1":{"loc":{"start":{"line":23,"column":4},"end":{"line":25,"column":31}},"type":"binary-expr","locations":[{"start":{"line":23,"column":4},"end":{"line":23,"column":11}},{"start":{"line":24,"column":4},"end":{"line":24,"column":40}},{"start":{"line":25,"column":4},"end":{"line":25,"column":31}}]},"2":{"loc":{"start":{"line":102,"column":13},"end":{"line":103,"column":42}},"type":"binary-expr","locations":[{"start":{"line":102,"column":13},"end":{"line":102,"column":41}},{"start":{"line":103,"column":12},"end":{"line":103,"column":42}}]},"3":{"loc":{"start":{"line":139,"column":17},"end":{"line":139,"column":36}},"type":"binary-expr","locations":[{"start":{"line":139,"column":17},"end":{"line":139,"column":30}},{"start":{"line":139,"column":34},"end":{"line":139,"column":36}}]},"4":{"loc":{"start":{"line":261,"column":27},"end":{"line":261,"column":46}},"type":"binary-expr","locations":[{"start":{"line":261,"column":27},"end":{"line":261,"column":40}},{"start":{"line":261,"column":44},"end":{"line":261,"column":46}}]},"5":{"loc":{"start":{"line":278,"column":33},"end":{"line":278,"column":70}},"type":"binary-expr","locations":[{"start":{"line":278,"column":33},"end":{"line":278,"column":64}},{"start":{"line":278,"column":68},"end":{"line":278,"column":70}}]},"6":{"loc":{"start":{"line":293,"column":42},"end":{"line":293,"column":99}},"type":"binary-expr","locations":[{"start":{"line":293,"column":42},"end":{"line":293,"column":68}},{"start":{"line":293,"column":72},"end":{"line":293,"column":99}}]},"7":{"loc":{"start":{"line":362,"column":27},"end":{"line":362,"column":46}},"type":"binary-expr","locations":[{"start":{"line":362,"column":27},"end":{"line":362,"column":40}},{"start":{"line":362,"column":44},"end":{"line":362,"column":46}}]},"8":{"loc":{"start":{"line":388,"column":33},"end":{"line":388,"column":63}},"type":"binary-expr","locations":[{"start":{"line":388,"column":33},"end":{"line":388,"column":57}},{"start":{"line":388,"column":61},"end":{"line":388,"column":63}}]},"9":{"loc":{"start":{"line":389,"column":33},"end":{"line":389,"column":75}},"type":"binary-expr","locations":[{"start":{"line":389,"column":33},"end":{"line":389,"column":69}},{"start":{"line":389,"column":73},"end":{"line":389,"column":75}}]},"10":{"loc":{"start":{"line":401,"column":42},"end":{"line":401,"column":99}},"type":"binary-expr","locations":[{"start":{"line":401,"column":42},"end":{"line":401,"column":68}},{"start":{"line":401,"column":72},"end":{"line":401,"column":99}}]}},"s":{"0":1,"1":1,"2":6,"3":2,"4":4,"5":1,"6":1,"7":18,"8":18,"9":6,"10":6,"11":5,"12":6,"13":2,"14":1,"15":1,"16":5,"17":8,"18":11,"19":6,"20":2,"21":2,"22":1,"23":18,"24":3,"25":6,"26":4,"27":3,"28":2,"29":2,"30":5,"31":4,"32":3,"33":2,"34":1,"35":1,"36":1},"f":{"0":6,"1":18,"2":18,"3":6,"4":6,"5":5,"6":6,"7":2,"8":1,"9":1,"10":5,"11":8,"12":11,"13":6,"14":2,"15":2,"16":1,"17":18,"18":3,"19":6,"20":4,"21":3,"22":2,"23":2,"24":5,"25":4,"26":3,"27":2,"28":1,"29":1},"b":{"0":[2],"1":[6,5,3],"2":[8,2],"3":[1,0],"4":[3,0],"5":[2,0],"6":[2,0],"7":[3,0],"8":[1,0],"9":[1,0],"10":[1,0]}}
,"/Users/vladimir/auth/src/features/auth/repositories/AuthRepository.ts": {"path":"/Users/vladimir/auth/src/features/auth/repositories/AuthRepository.ts","statementMap":{"0":{"start":{"line":6,"column":0},"end":{"line":6,"column":null}},"1":{"start":{"line":27,"column":0},"end":{"line":27,"column":58}},"2":{"start":{"line":28,"column":0},"end":{"line":28,"column":null}},"3":{"start":{"line":35,"column":20},"end":{"line":35,"column":40}},"4":{"start":{"line":41,"column":21},"end":{"line":45,"column":2}},"5":{"start":{"line":65,"column":2},"end":{"line":94,"column":5}},"6":{"start":{"line":66,"column":21},"end":{"line":68,"column":29}},"7":{"start":{"line":71,"column":25},"end":{"line":71,"column":38}},"8":{"start":{"line":72,"column":4},"end":{"line":74,"column":5}},"9":{"start":{"line":73,"column":6},"end":{"line":73,"column":71}},"10":{"start":{"line":76,"column":24},"end":{"line":76,"column":64}},"11":{"start":{"line":77,"column":4},"end":{"line":79,"column":5}},"12":{"start":{"line":78,"column":6},"end":{"line":78,"column":77}},"13":{"start":{"line":81,"column":24},"end":{"line":81,"column":78}},"14":{"start":{"line":82,"column":25},"end":{"line":82,"column":80}},"15":{"start":{"line":84,"column":4},"end":{"line":86,"column":5}},"16":{"start":{"line":85,"column":6},"end":{"line":85,"column":83}},"17":{"start":{"line":88,"column":33},"end":{"line":91,"column":6}},"18":{"start":{"line":92,"column":4},"end":{"line":92,"column":36}},"19":{"start":{"line":93,"column":4},"end":{"line":93,"column":19}},"20":{"start":{"line":96,"column":2},"end":{"line":98,"column":5}},"21":{"start":{"line":97,"column":4},"end":{"line":97,"column":57}},"22":{"start":{"line":100,"column":2},"end":{"line":102,"column":5}},"23":{"start":{"line":101,"column":4},"end":{"line":101,"column":60}},"24":{"start":{"line":104,"column":2},"end":{"line":109,"column":5}},"25":{"start":{"line":105,"column":21},"end":{"line":107,"column":34}},"26":{"start":{"line":108,"column":4},"end":{"line":108,"column":33}},"27":{"start":{"line":111,"column":2},"end":{"line":113,"column":5}},"28":{"start":{"line":112,"column":4},"end":{"line":112,"column":66}},"29":{"start":{"line":115,"column":2},"end":{"line":117,"column":5}},"30":{"start":{"line":116,"column":4},"end":{"line":116,"column":72}},"31":{"start":{"line":202,"column":2},"end":{"line":238,"column":5}},"32":{"start":{"line":203,"column":21},"end":{"line":205,"column":67}},"33":{"start":{"line":208,"column":25},"end":{"line":208,"column":38}},"34":{"start":{"line":209,"column":4},"end":{"line":211,"column":5}},"35":{"start":{"line":210,"column":6},"end":{"line":210,"column":73}},"36":{"start":{"line":213,"column":24},"end":{"line":213,"column":64}},"37":{"start":{"line":214,"column":4},"end":{"line":216,"column":5}},"38":{"start":{"line":215,"column":6},"end":{"line":215,"column":79}},"39":{"start":{"line":218,"column":27},"end":{"line":218,"column":81}},"40":{"start":{"line":219,"column":4},"end":{"line":221,"column":5}},"41":{"start":{"line":220,"column":6},"end":{"line":220,"column":85}},"42":{"start":{"line":224,"column":27},"end":{"line":224,"column":51}},"43":{"start":{"line":225,"column":4},"end":{"line":227,"column":5}},"44":{"start":{"line":226,"column":6},"end":{"line":226,"column":65}},"45":{"start":{"line":230,"column":42},"end":{"line":234,"column":6}},"46":{"start":{"line":236,"column":4},"end":{"line":236,"column":45}},"47":{"start":{"line":237,"column":4},"end":{"line":237,"column":28}},"48":{"start":{"line":55,"column":4},"end":{"line":55,"column":27}},"49":{"start":{"line":56,"column":4},"end":{"line":60,"column":7}},"50":{"start":{"line":62,"column":4},"end":{"line":62,"column":34}},"51":{"start":{"line":121,"column":20},"end":{"line":121,"column":44}},"52":{"start":{"line":122,"column":4},"end":{"line":122,"column":30}},"53":{"start":{"line":122,"column":18},"end":{"line":122,"column":30}},"54":{"start":{"line":125,"column":4},"end":{"line":127,"column":5}},"55":{"start":{"line":126,"column":6},"end":{"line":126,"column":54}},"56":{"start":{"line":130,"column":4},"end":{"line":130,"column":57}},"57":{"start":{"line":134,"column":4},"end":{"line":138,"column":5}},"58":{"start":{"line":136,"column":6},"end":{"line":136,"column":26}},"59":{"start":{"line":137,"column":6},"end":{"line":137,"column":18}},"60":{"start":{"line":140,"column":4},"end":{"line":148,"column":5}},"61":{"start":{"line":142,"column":6},"end":{"line":142,"column":54}},"62":{"start":{"line":145,"column":6},"end":{"line":145,"column":59}},"63":{"start":{"line":146,"column":6},"end":{"line":146,"column":26}},"64":{"start":{"line":147,"column":6},"end":{"line":147,"column":18}},"65":{"start":{"line":152,"column":4},"end":{"line":177,"column":5}},"66":{"start":{"line":153,"column":23},"end":{"line":155,"column":8}},"67":{"start":{"line":158,"column":23},"end":{"line":158,"column":36}},"68":{"start":{"line":159,"column":6},"end":{"line":162,"column":7}},"69":{"start":{"line":160,"column":8},"end":{"line":160,"column":67}},"70":{"start":{"line":161,"column":8},"end":{"line":161,"column":20}},"71":{"start":{"line":164,"column":43},"end":{"line":164,"column":76}},"72":{"start":{"line":165,"column":6},"end":{"line":165,"column":46}},"73":{"start":{"line":166,"column":6},"end":{"line":166,"column":29}},"74":{"start":{"line":168,"column":6},"end":{"line":174,"column":7}},"75":{"start":{"line":169,"column":25},"end":{"line":169,"column":39}},"76":{"start":{"line":170,"column":8},"end":{"line":173,"column":9}},"77":{"start":{"line":172,"column":10},"end":{"line":172,"column":45}},"78":{"start":{"line":176,"column":6},"end":{"line":176,"column":18}},"79":{"start":{"line":181,"column":20},"end":{"line":181,"column":44}},"80":{"start":{"line":182,"column":4},"end":{"line":189,"column":5}},"81":{"start":{"line":185,"column":6},"end":{"line":187,"column":7}},"82":{"start":{"line":186,"column":8},"end":{"line":186,"column":28}},"83":{"start":{"line":188,"column":6},"end":{"line":188,"column":18}},"84":{"start":{"line":191,"column":4},"end":{"line":199,"column":5}},"85":{"start":{"line":193,"column":6},"end":{"line":193,"column":54}},"86":{"start":{"line":196,"column":6},"end":{"line":196,"column":69}},"87":{"start":{"line":197,"column":6},"end":{"line":197,"column":26}},"88":{"start":{"line":198,"column":6},"end":{"line":198,"column":18}},"89":{"start":{"line":241,"column":4},"end":{"line":241,"column":47}},"90":{"start":{"line":247,"column":4},"end":{"line":247,"column":69}},"91":{"start":{"line":251,"column":16},"end":{"line":251,"column":55}},"92":{"start":{"line":252,"column":4},"end":{"line":252,"column":26}},"93":{"start":{"line":252,"column":14},"end":{"line":252,"column":26}},"94":{"start":{"line":254,"column":4},"end":{"line":295,"column":5}},"95":{"start":{"line":262,"column":30},"end":{"line":262,"column":45}},"96":{"start":{"line":265,"column":6},"end":{"line":288,"column":7}},"97":{"start":{"line":267,"column":28},"end":{"line":267,"column":null}},"98":{"start":{"line":274,"column":8},"end":{"line":276,"column":9}},"99":{"start":{"line":275,"column":10},"end":{"line":275,"column":50}},"100":{"start":{"line":279,"column":8},"end":{"line":281,"column":9}},"101":{"start":{"line":280,"column":10},"end":{"line":280,"column":40}},"102":{"start":{"line":283,"column":8},"end":{"line":287,"column":10}},"103":{"start":{"line":290,"column":6},"end":{"line":290,"column":59}},"104":{"start":{"line":292,"column":6},"end":{"line":294,"column":7}},"105":{"start":{"line":293,"column":8},"end":{"line":293,"column":36}},"106":{"start":{"line":297,"column":4},"end":{"line":297,"column":16}},"107":{"start":{"line":305,"column":4},"end":{"line":334,"column":5}},"108":{"start":{"line":306,"column":20},"end":{"line":306,"column":36}},"109":{"start":{"line":307,"column":6},"end":{"line":307,"column":42}},"110":{"start":{"line":307,"column":30},"end":{"line":307,"column":42}},"111":{"start":{"line":310,"column":28},"end":{"line":310,"column":74}},"112":{"start":{"line":313,"column":6},"end":{"line":322,"column":7}},"113":{"start":{"line":315,"column":8},"end":{"line":315,"column":41}},"114":{"start":{"line":316,"column":13},"end":{"line":322,"column":7}},"115":{"start":{"line":318,"column":8},"end":{"line":318,"column":69}},"116":{"start":{"line":321,"column":8},"end":{"line":321,"column":21}},"117":{"start":{"line":324,"column":40},"end":{"line":324,"column":62}},"118":{"start":{"line":326,"column":6},"end":{"line":326,"column":37}},"119":{"start":{"line":326,"column":24},"end":{"line":326,"column":37}},"120":{"start":{"line":329,"column":26},"end":{"line":329,"column":55}},"121":{"start":{"line":331,"column":6},"end":{"line":331,"column":39}},"122":{"start":{"line":333,"column":6},"end":{"line":333,"column":18}},"123":{"start":{"line":338,"column":4},"end":{"line":360,"column":6}},"124":{"start":{"line":339,"column":20},"end":{"line":339,"column":28}},"125":{"start":{"line":341,"column":23},"end":{"line":341,"column":50}},"126":{"start":{"line":342,"column":8},"end":{"line":342,"column":50}},"127":{"start":{"line":342,"column":21},"end":{"line":342,"column":50}},"128":{"start":{"line":344,"column":8},"end":{"line":344,"column":53}},"129":{"start":{"line":347,"column":10},"end":{"line":349,"column":73}},"130":{"start":{"line":351,"column":8},"end":{"line":357,"column":9}},"131":{"start":{"line":352,"column":10},"end":{"line":352,"column":34}},"132":{"start":{"line":354,"column":12},"end":{"line":354,"column":77}},"133":{"start":{"line":355,"column":10},"end":{"line":355,"column":69}},"134":{"start":{"line":355,"column":41},"end":{"line":355,"column":67}},"135":{"start":{"line":356,"column":10},"end":{"line":356,"column":40}},"136":{"start":{"line":358,"column":8},"end":{"line":358,"column":37}},"137":{"start":{"line":47,"column":0},"end":{"line":47,"column":13}}},"fnMap":{"0":{"name":"(anonymous_1)","decl":{"start":{"line":51,"column":2},"end":{"line":51,"column":null}},"loc":{"start":{"line":53,"column":53},"end":{"line":63,"column":3}}},"1":{"name":"(anonymous_2)","decl":{"start":{"line":65,"column":28},"end":{"line":65,"column":33}},"loc":{"start":{"line":65,"column":85},"end":{"line":94,"column":3}}},"2":{"name":"(anonymous_3)","decl":{"start":{"line":96,"column":31},"end":{"line":96,"column":36}},"loc":{"start":{"line":96,"column":84},"end":{"line":98,"column":3}}},"3":{"name":"(anonymous_4)","decl":{"start":{"line":100,"column":43},"end":{"line":100,"column":48}},"loc":{"start":{"line":100,"column":91},"end":{"line":102,"column":3}}},"4":{"name":"(anonymous_5)","decl":{"start":{"line":104,"column":32},"end":{"line":104,"column":37}},"loc":{"start":{"line":104,"column":81},"end":{"line":109,"column":3}}},"5":{"name":"(anonymous_6)","decl":{"start":{"line":111,"column":43},"end":{"line":111,"column":48}},"loc":{"start":{"line":111,"column":101},"end":{"line":113,"column":3}}},"6":{"name":"(anonymous_7)","decl":{"start":{"line":115,"column":44},"end":{"line":115,"column":49}},"loc":{"start":{"line":115,"column":103},"end":{"line":117,"column":3}}},"7":{"name":"(anonymous_8)","decl":{"start":{"line":202,"column":30},"end":{"line":202,"column":35}},"loc":{"start":{"line":202,"column":83},"end":{"line":238,"column":3}}},"8":{"name":"(anonymous_9)","decl":{"start":{"line":119,"column":2},"end":{"line":119,"column":7}},"loc":{"start":{"line":119,"column":20},"end":{"line":131,"column":3}}},"9":{"name":"(anonymous_10)","decl":{"start":{"line":133,"column":10},"end":{"line":133,"column":15}},"loc":{"start":{"line":133,"column":57},"end":{"line":149,"column":3}}},"10":{"name":"(anonymous_11)","decl":{"start":{"line":151,"column":10},"end":{"line":151,"column":15}},"loc":{"start":{"line":151,"column":62},"end":{"line":178,"column":3}}},"11":{"name":"(anonymous_12)","decl":{"start":{"line":180,"column":10},"end":{"line":180,"column":15}},"loc":{"start":{"line":180,"column":30},"end":{"line":200,"column":3}}},"12":{"name":"(anonymous_13)","decl":{"start":{"line":240,"column":2},"end":{"line":240,"column":7}},"loc":{"start":{"line":240,"column":14},"end":{"line":242,"column":3}}},"13":{"name":"(anonymous_14)","decl":{"start":{"line":246,"column":10},"end":{"line":246,"column":15}},"loc":{"start":{"line":246,"column":48},"end":{"line":248,"column":3}}},"14":{"name":"(anonymous_15)","decl":{"start":{"line":250,"column":10},"end":{"line":250,"column":15}},"loc":{"start":{"line":250,"column":27},"end":{"line":298,"column":3}}},"15":{"name":"(anonymous_16)","decl":{"start":{"line":304,"column":10},"end":{"line":304,"column":24}},"loc":{"start":{"line":304,"column":38},"end":{"line":335,"column":3}}},"16":{"name":"(anonymous_17)","decl":{"start":{"line":337,"column":10},"end":{"line":337,"column":32}},"loc":{"start":{"line":337,"column":32},"end":{"line":361,"column":3}}},"17":{"name":"(anonymous_18)","decl":{"start":{"line":339,"column":6},"end":{"line":339,"column":7}},"loc":{"start":{"line":339,"column":20},"end":{"line":339,"column":28}}},"18":{"name":"(anonymous_19)","decl":{"start":{"line":340,"column":6},"end":{"line":340,"column":11}},"loc":{"start":{"line":340,"column":34},"end":{"line":359,"column":7}}},"19":{"name":"(anonymous_20)","decl":{"start":{"line":355,"column":28},"end":{"line":355,"column":29}},"loc":{"start":{"line":355,"column":41},"end":{"line":355,"column":67}}}},"branchMap":{"0":{"loc":{"start":{"line":53,"column":4},"end":{"line":53,"column":53}},"type":"default-arg","locations":[{"start":{"line":53,"column":22},"end":{"line":53,"column":53}}]},"1":{"loc":{"start":{"line":72,"column":4},"end":{"line":74,"column":5}},"type":"if","locations":[{"start":{"line":72,"column":4},"end":{"line":74,"column":5}}]},"2":{"loc":{"start":{"line":77,"column":4},"end":{"line":79,"column":5}},"type":"if","locations":[{"start":{"line":77,"column":4},"end":{"line":79,"column":5}}]},"3":{"loc":{"start":{"line":84,"column":4},"end":{"line":86,"column":5}},"type":"if","locations":[{"start":{"line":84,"column":4},"end":{"line":86,"column":5}}]},"4":{"loc":{"start":{"line":84,"column":8},"end":{"line":84,"column":55}},"type":"binary-expr","locations":[{"start":{"line":84,"column":8},"end":{"line":84,"column":20}},{"start":{"line":84,"column":24},"end":{"line":84,"column":55}}]},"5":{"loc":{"start":{"line":209,"column":4},"end":{"line":211,"column":5}},"type":"if","locations":[{"start":{"line":209,"column":4},"end":{"line":211,"column":5}}]},"6":{"loc":{"start":{"line":214,"column":4},"end":{"line":216,"column":5}},"type":"if","locations":[{"start":{"line":214,"column":4},"end":{"line":216,"column":5}}]},"7":{"loc":{"start":{"line":219,"column":4},"end":{"line":221,"column":5}},"type":"if","locations":[{"start":{"line":219,"column":4},"end":{"line":221,"column":5}}]},"8":{"loc":{"start":{"line":219,"column":8},"end":{"line":219,"column":61}},"type":"binary-expr","locations":[{"start":{"line":219,"column":8},"end":{"line":219,"column":23}},{"start":{"line":219,"column":27},"end":{"line":219,"column":61}}]},"9":{"loc":{"start":{"line":225,"column":4},"end":{"line":227,"column":5}},"type":"if","locations":[{"start":{"line":225,"column":4},"end":{"line":227,"column":5}}]},"10":{"loc":{"start":{"line":122,"column":4},"end":{"line":122,"column":30}},"type":"if","locations":[{"start":{"line":122,"column":4},"end":{"line":122,"column":30}}]},"11":{"loc":{"start":{"line":125,"column":4},"end":{"line":127,"column":5}},"type":"if","locations":[{"start":{"line":125,"column":4},"end":{"line":127,"column":5}}]},"12":{"loc":{"start":{"line":134,"column":4},"end":{"line":138,"column":5}},"type":"if","locations":[{"start":{"line":134,"column":4},"end":{"line":138,"column":5}}]},"13":{"loc":{"start":{"line":159,"column":6},"end":{"line":162,"column":7}},"type":"if","locations":[{"start":{"line":159,"column":6},"end":{"line":162,"column":7}}]},"14":{"loc":{"start":{"line":168,"column":6},"end":{"line":174,"column":7}},"type":"if","locations":[{"start":{"line":168,"column":6},"end":{"line":174,"column":7}}]},"15":{"loc":{"start":{"line":170,"column":8},"end":{"line":173,"column":9}},"type":"if","locations":[{"start":{"line":170,"column":8},"end":{"line":173,"column":9}}]},"16":{"loc":{"start":{"line":182,"column":4},"end":{"line":189,"column":5}},"type":"if","locations":[{"start":{"line":182,"column":4},"end":{"line":189,"column":5}}]},"17":{"loc":{"start":{"line":185,"column":6},"end":{"line":187,"column":7}},"type":"if","locations":[{"start":{"line":185,"column":6},"end":{"line":187,"column":7}}]},"18":{"loc":{"start":{"line":252,"column":4},"end":{"line":252,"column":26}},"type":"if","locations":[{"start":{"line":252,"column":4},"end":{"line":252,"column":26}}]},"19":{"loc":{"start":{"line":265,"column":6},"end":{"line":288,"column":7}},"type":"if","locations":[{"start":{"line":265,"column":6},"end":{"line":288,"column":7}}]},"20":{"loc":{"start":{"line":274,"column":8},"end":{"line":276,"column":9}},"type":"if","locations":[{"start":{"line":274,"column":8},"end":{"line":276,"column":9}}]},"21":{"loc":{"start":{"line":279,"column":8},"end":{"line":281,"column":9}},"type":"if","locations":[{"start":{"line":279,"column":8},"end":{"line":281,"column":9}}]},"22":{"loc":{"start":{"line":279,"column":12},"end":{"line":279,"column":69}},"type":"binary-expr","locations":[{"start":{"line":279,"column":12},"end":{"line":279,"column":31}},{"start":{"line":279,"column":35},"end":{"line":279,"column":69}}]},"23":{"loc":{"start":{"line":292,"column":6},"end":{"line":294,"column":7}},"type":"if","locations":[{"start":{"line":292,"column":6},"end":{"line":294,"column":7}}]},"24":{"loc":{"start":{"line":292,"column":10},"end":{"line":292,"column":66}},"type":"binary-expr","locations":[{"start":{"line":292,"column":10},"end":{"line":292,"column":33}},{"start":{"line":292,"column":37},"end":{"line":292,"column":66}}]},"25":{"loc":{"start":{"line":307,"column":6},"end":{"line":307,"column":42}},"type":"if","locations":[{"start":{"line":307,"column":6},"end":{"line":307,"column":42}}]},"26":{"loc":{"start":{"line":313,"column":6},"end":{"line":322,"column":7}},"type":"if","locations":[{"start":{"line":313,"column":6},"end":{"line":322,"column":7}},{"start":{"line":316,"column":13},"end":{"line":322,"column":7}}]},"27":{"loc":{"start":{"line":316,"column":13},"end":{"line":322,"column":7}},"type":"if","locations":[{"start":{"line":316,"column":13},"end":{"line":322,"column":7}},{"start":{"line":319,"column":13},"end":{"line":322,"column":7}}]},"28":{"loc":{"start":{"line":326,"column":6},"end":{"line":326,"column":37}},"type":"if","locations":[{"start":{"line":326,"column":6},"end":{"line":326,"column":37}}]},"29":{"loc":{"start":{"line":342,"column":8},"end":{"line":342,"column":50}},"type":"if","locations":[{"start":{"line":342,"column":8},"end":{"line":342,"column":50}}]},"30":{"loc":{"start":{"line":344,"column":29},"end":{"line":344,"column":52}},"type":"binary-expr","locations":[{"start":{"line":344,"column":29},"end":{"line":344,"column":47}},{"start":{"line":344,"column":51},"end":{"line":344,"column":52}}]},"31":{"loc":{"start":{"line":347,"column":10},"end":{"line":349,"column":73}},"type":"binary-expr","locations":[{"start":{"line":347,"column":10},"end":{"line":347,"column":54}},{"start":{"line":348,"column":11},"end":{"line":348,"column":26}},{"start":{"line":349,"column":12},"end":{"line":349,"column":72}}]},"32":{"loc":{"start":{"line":351,"column":8},"end":{"line":357,"column":9}},"type":"if","locations":[{"start":{"line":351,"column":8},"end":{"line":357,"column":9}}]}},"s":{"0":1,"1":1,"2":1,"3":1,"4":1,"5":51,"6":4,"7":1,"8":1,"9":0,"10":1,"11":1,"12":0,"13":1,"14":1,"15":1,"16":0,"17":1,"18":1,"19":1,"20":51,"21":2,"22":51,"23":2,"24":51,"25":2,"26":1,"27":51,"28":2,"29":51,"30":2,"31":51,"32":6,"33":3,"34":3,"35":0,"36":3,"37":3,"38":0,"39":3,"40":3,"41":0,"42":3,"43":3,"44":1,"45":2,"46":2,"47":2,"48":51,"49":51,"50":51,"51":21,"52":21,"53":2,"54":19,"55":4,"56":15,"57":4,"58":3,"59":3,"60":1,"61":1,"62":1,"63":1,"64":1,"65":15,"66":15,"67":4,"68":4,"69":0,"70":0,"71":4,"72":4,"73":4,"74":11,"75":11,"76":11,"77":7,"78":4,"79":7,"80":7,"81":5,"82":4,"83":5,"84":2,"85":2,"86":1,"87":1,"88":1,"89":10,"90":7,"91":31,"92":31,"93":3,"94":28,"95":28,"96":26,"97":25,"98":25,"99":10,"100":25,"101":0,"102":25,"103":2,"104":2,"105":2,"106":1,"107":24,"108":24,"109":24,"110":1,"111":23,"112":23,"113":21,"114":2,"115":1,"116":1,"117":21,"118":20,"119":1,"120":19,"121":19,"122":2,"123":51,"124":1,"125":3,"126":3,"127":1,"128":2,"129":2,"130":2,"131":1,"132":1,"133":1,"134":1,"135":1,"136":1,"137":1},"f":{"0":51,"1":4,"2":2,"3":2,"4":2,"5":2,"6":2,"7":6,"8":21,"9":4,"10":15,"11":7,"12":10,"13":7,"14":31,"15":24,"16":51,"17":1,"18":3,"19":1},"b":{"0":[1],"1":[0],"2":[0],"3":[0],"4":[1,1],"5":[0],"6":[0],"7":[0],"8":[3,3],"9":[1],"10":[2],"11":[4],"12":[3],"13":[0],"14":[11],"15":[7],"16":[5],"17":[4],"18":[3],"19":[25],"20":[10],"21":[0],"22":[25,0],"23":[2],"24":[2,2],"25":[1],"26":[21,2],"27":[1,1],"28":[1],"29":[1],"30":[2,1],"31":[2,1,1],"32":[1]}}
,"/Users/vladimir/auth/src/features/auth/utils/errorHandler.ts": {"path":"/Users/vladimir/auth/src/features/auth/utils/errorHandler.ts","statementMap":{"0":{"start":{"line":9,"column":0},"end":{"line":9,"column":16}},"1":{"start":{"line":38,"column":0},"end":{"line":38,"column":16}},"2":{"start":{"line":1,"column":0},"end":{"line":1,"column":42}},"3":{"start":{"line":2,"column":0},"end":{"line":2,"column":51}},"4":{"start":{"line":10,"column":2},"end":{"line":27,"column":3}},"5":{"start":{"line":11,"column":22},"end":{"line":11,"column":51}},"6":{"start":{"line":12,"column":25},"end":{"line":12,"column":61}},"7":{"start":{"line":15,"column":25},"end":{"line":15,"column":76}},"8":{"start":{"line":16,"column":4},"end":{"line":18,"column":5}},"9":{"start":{"line":17,"column":6},"end":{"line":17,"column":36}},"10":{"start":{"line":21,"column":4},"end":{"line":23,"column":5}},"11":{"start":{"line":22,"column":6},"end":{"line":22,"column":53}},"12":{"start":{"line":26,"column":4},"end":{"line":26,"column":52}},"13":{"start":{"line":30,"column":2},"end":{"line":30,"column":50}},"14":{"start":{"line":39,"column":2},"end":{"line":49,"column":10}},"15":{"start":{"line":40,"column":4},"end":{"line":48,"column":5}},"16":{"start":{"line":41,"column":21},"end":{"line":41,"column":32}},"17":{"start":{"line":42,"column":6},"end":{"line":44,"column":7}},"18":{"start":{"line":43,"column":8},"end":{"line":43,"column":61}},"19":{"start":{"line":45,"column":6},"end":{"line":45,"column":20}},"20":{"start":{"line":47,"column":6},"end":{"line":47,"column":28}}},"fnMap":{"0":{"name":"handleApiError","decl":{"start":{"line":9,"column":16},"end":{"line":9,"column":30}},"loc":{"start":{"line":9,"column":45},"end":{"line":31,"column":1}}},"1":{"name":"withErrorHandling","decl":{"start":{"line":38,"column":16},"end":{"line":38,"column":33}},"loc":{"start":{"line":38,"column":74},"end":{"line":50,"column":1}}},"2":{"name":"(anonymous_3)","decl":{"start":{"line":39,"column":10},"end":{"line":39,"column":11}},"loc":{"start":{"line":39,"column":52},"end":{"line":49,"column":3}}}},"branchMap":{"0":{"loc":{"start":{"line":10,"column":2},"end":{"line":27,"column":3}},"type":"if","locations":[{"start":{"line":10,"column":2},"end":{"line":27,"column":3}}]},"1":{"loc":{"start":{"line":12,"column":25},"end":{"line":12,"column":61}},"type":"cond-expr","locations":[{"start":{"line":12,"column":36},"end":{"line":12,"column":49}},{"start":{"line":12,"column":52},"end":{"line":12,"column":61}}]},"2":{"loc":{"start":{"line":16,"column":4},"end":{"line":18,"column":5}},"type":"if","locations":[{"start":{"line":16,"column":4},"end":{"line":18,"column":5}}]},"3":{"loc":{"start":{"line":16,"column":8},"end":{"line":16,"column":56}},"type":"binary-expr","locations":[{"start":{"line":16,"column":8},"end":{"line":16,"column":40}},{"start":{"line":16,"column":44},"end":{"line":16,"column":56}}]},"4":{"loc":{"start":{"line":21,"column":4},"end":{"line":23,"column":5}},"type":"if","locations":[{"start":{"line":21,"column":4},"end":{"line":23,"column":5}}]},"5":{"loc":{"start":{"line":21,"column":8},"end":{"line":21,"column":90}},"type":"binary-expr","locations":[{"start":{"line":21,"column":8},"end":{"line":21,"column":57}},{"start":{"line":21,"column":62},"end":{"line":21,"column":90}}]},"6":{"loc":{"start":{"line":42,"column":6},"end":{"line":44,"column":7}},"type":"if","locations":[{"start":{"line":42,"column":6},"end":{"line":44,"column":7}}]}},"s":{"0":2,"1":2,"2":2,"3":2,"4":19,"5":17,"6":17,"7":17,"8":17,"9":11,"10":6,"11":4,"12":2,"13":2,"14":360,"15":23,"16":23,"17":22,"18":22,"19":0,"20":1},"f":{"0":19,"1":360,"2":23},"b":{"0":[17],"1":[14,3],"2":[11],"3":[17,11],"4":[4],"5":[6,5],"6":[22]}}
,"/Users/vladimir/auth/src/features/auth/utils/safetyUtils.ts": {"path":"/Users/vladimir/auth/src/features/auth/utils/safetyUtils.ts","statementMap":{"0":{"start":{"line":11,"column":0},"end":{"line":11,"column":16}},"1":{"start":{"line":27,"column":0},"end":{"line":27,"column":16}},"2":{"start":{"line":37,"column":0},"end":{"line":37,"column":16}},"3":{"start":{"line":48,"column":0},"end":{"line":48,"column":16}},"4":{"start":{"line":58,"column":0},"end":{"line":58,"column":16}},"5":{"start":{"line":65,"column":0},"end":{"line":65,"column":16}},"6":{"start":{"line":72,"column":0},"end":{"line":72,"column":16}},"7":{"start":{"line":79,"column":0},"end":{"line":79,"column":16}},"8":{"start":{"line":86,"column":0},"end":{"line":86,"column":16}},"9":{"start":{"line":97,"column":0},"end":{"line":97,"column":16}},"10":{"start":{"line":108,"column":0},"end":{"line":108,"column":16}},"11":{"start":{"line":119,"column":0},"end":{"line":119,"column":16}},"12":{"start":{"line":126,"column":0},"end":{"line":126,"column":16}},"13":{"start":{"line":136,"column":0},"end":{"line":136,"column":16}},"14":{"start":{"line":159,"column":0},"end":{"line":159,"column":16}},"15":{"start":{"line":15,"column":2},"end":{"line":15,"column":60}},"16":{"start":{"line":15,"column":47},"end":{"line":15,"column":60}},"17":{"start":{"line":17,"column":20},"end":{"line":17,"column":50}},"18":{"start":{"line":18,"column":2},"end":{"line":21,"column":5}},"19":{"start":{"line":19,"column":22},"end":{"line":19,"column":35}},"20":{"start":{"line":20,"column":4},"end":{"line":20,"column":105}},"21":{"start":{"line":28,"column":2},"end":{"line":30,"column":3}},"22":{"start":{"line":29,"column":4},"end":{"line":29,"column":30}},"23":{"start":{"line":31,"column":2},"end":{"line":31,"column":19}},"24":{"start":{"line":38,"column":18},"end":{"line":38,"column":43}},"25":{"start":{"line":39,"column":2},"end":{"line":41,"column":3}},"26":{"start":{"line":40,"column":4},"end":{"line":40,"column":34}},"27":{"start":{"line":42,"column":2},"end":{"line":42,"column":19}},"28":{"start":{"line":49,"column":2},"end":{"line":51,"column":3}},"29":{"start":{"line":50,"column":4},"end":{"line":50,"column":29}},"30":{"start":{"line":52,"column":2},"end":{"line":52,"column":19}},"31":{"start":{"line":59,"column":2},"end":{"line":59,"column":54}},"32":{"start":{"line":66,"column":2},"end":{"line":66,"column":52}},"33":{"start":{"line":73,"column":2},"end":{"line":73,"column":60}},"34":{"start":{"line":80,"column":2},"end":{"line":80,"column":54}},"35":{"start":{"line":87,"column":2},"end":{"line":90,"column":3}},"36":{"start":{"line":88,"column":16},"end":{"line":88,"column":42}},"37":{"start":{"line":89,"column":4},"end":{"line":89,"column":77}},"38":{"start":{"line":91,"column":2},"end":{"line":91,"column":15}},"39":{"start":{"line":98,"column":2},"end":{"line":98,"column":60}},"40":{"start":{"line":98,"column":47},"end":{"line":98,"column":60}},"41":{"start":{"line":100,"column":18},"end":{"line":100,"column":36}},"42":{"start":{"line":101,"column":2},"end":{"line":102,"column":40}},"43":{"start":{"line":109,"column":2},"end":{"line":109,"column":60}},"44":{"start":{"line":109,"column":47},"end":{"line":109,"column":60}},"45":{"start":{"line":111,"column":18},"end":{"line":111,"column":36}},"46":{"start":{"line":112,"column":2},"end":{"line":113,"column":43}},"47":{"start":{"line":120,"column":2},"end":{"line":120,"column":75}},"48":{"start":{"line":127,"column":2},"end":{"line":129,"column":3}},"49":{"start":{"line":128,"column":4},"end":{"line":128,"column":28}},"50":{"start":{"line":130,"column":2},"end":{"line":130,"column":12}},"51":{"start":{"line":141,"column":2},"end":{"line":141,"column":67}},"52":{"start":{"line":141,"column":47},"end":{"line":141,"column":67}},"53":{"start":{"line":143,"column":15},"end":{"line":143,"column":30}},"54":{"start":{"line":144,"column":21},"end":{"line":144,"column":24}},"55":{"start":{"line":146,"column":2},"end":{"line":151,"column":3}},"56":{"start":{"line":147,"column":4},"end":{"line":149,"column":5}},"57":{"start":{"line":148,"column":6},"end":{"line":148,"column":26}},"58":{"start":{"line":150,"column":4},"end":{"line":150,"column":27}},"59":{"start":{"line":153,"column":2},"end":{"line":153,"column":22}},"60":{"start":{"line":164,"column":2},"end":{"line":166,"column":3}},"61":{"start":{"line":165,"column":4},"end":{"line":165,"column":24}},"62":{"start":{"line":167,"column":2},"end":{"line":167,"column":20}}},"fnMap":{"0":{"name":"hasRequiredProperties","decl":{"start":{"line":11,"column":16},"end":{"line":11,"column":37}},"loc":{"start":{"line":13,"column":27},"end":{"line":22,"column":1}}},"1":{"name":"(anonymous_1)","decl":{"start":{"line":18,"column":28},"end":{"line":18,"column":31}},"loc":{"start":{"line":18,"column":34},"end":{"line":21,"column":3}}},"2":{"name":"safeExtractPayload","decl":{"start":{"line":27,"column":16},"end":{"line":27,"column":34}},"loc":{"start":{"line":27,"column":80},"end":{"line":32,"column":1}}},"3":{"name":"safeExtractStringFromPayload","decl":{"start":{"line":37,"column":16},"end":{"line":37,"column":44}},"loc":{"start":{"line":37,"column":74},"end":{"line":43,"column":1}}},"4":{"name":"safeExtractOutput","decl":{"start":{"line":48,"column":16},"end":{"line":48,"column":33}},"loc":{"start":{"line":48,"column":63},"end":{"line":53,"column":1}}},"5":{"name":"safeExtractEmail","decl":{"start":{"line":58,"column":16},"end":{"line":58,"column":32}},"loc":{"start":{"line":58,"column":49},"end":{"line":60,"column":1}}},"6":{"name":"safeExtractOtp","decl":{"start":{"line":65,"column":16},"end":{"line":65,"column":30}},"loc":{"start":{"line":65,"column":47},"end":{"line":67,"column":1}}},"7":{"name":"safeExtractNewPassword","decl":{"start":{"line":72,"column":16},"end":{"line":72,"column":38}},"loc":{"start":{"line":72,"column":55},"end":{"line":74,"column":1}}},"8":{"name":"safeGetStringFromContext","decl":{"start":{"line":79,"column":16},"end":{"line":79,"column":40}},"loc":{"start":{"line":79,"column":89},"end":{"line":81,"column":1}}},"9":{"name":"isValidLoginRequest","decl":{"start":{"line":86,"column":16},"end":{"line":86,"column":35}},"loc":{"start":{"line":86,"column":52},"end":{"line":92,"column":1}}},"10":{"name":"isAuthSession","decl":{"start":{"line":97,"column":16},"end":{"line":97,"column":29}},"loc":{"start":{"line":97,"column":42},"end":{"line":103,"column":1}}},"11":{"name":"isUserProfile","decl":{"start":{"line":108,"column":16},"end":{"line":108,"column":29}},"loc":{"start":{"line":108,"column":42},"end":{"line":114,"column":1}}},"12":{"name":"safeExtractActionToken","decl":{"start":{"line":119,"column":16},"end":{"line":119,"column":38}},"loc":{"start":{"line":119,"column":64},"end":{"line":121,"column":1}}},"13":{"name":"safeExtractPasswordFromPending","decl":{"start":{"line":126,"column":16},"end":{"line":126,"column":46}},"loc":{"start":{"line":126,"column":83},"end":{"line":131,"column":1}}},"14":{"name":"safeGetNestedValue","decl":{"start":{"line":136,"column":16},"end":{"line":136,"column":34}},"loc":{"start":{"line":139,"column":18},"end":{"line":154,"column":1}}},"15":{"name":"safeArrayAccess","decl":{"start":{"line":159,"column":16},"end":{"line":159,"column":31}},"loc":{"start":{"line":162,"column":18},"end":{"line":168,"column":1}}}},"branchMap":{"0":{"loc":{"start":{"line":15,"column":2},"end":{"line":15,"column":60}},"type":"if","locations":[{"start":{"line":15,"column":2},"end":{"line":15,"column":60}}]},"1":{"loc":{"start":{"line":15,"column":6},"end":{"line":15,"column":45}},"type":"binary-expr","locations":[{"start":{"line":15,"column":6},"end":{"line":15,"column":29}},{"start":{"line":15,"column":33},"end":{"line":15,"column":45}}]},"2":{"loc":{"start":{"line":20,"column":11},"end":{"line":20,"column":104}},"type":"binary-expr","locations":[{"start":{"line":20,"column":11},"end":{"line":20,"column":33}},{"start":{"line":20,"column":37},"end":{"line":20,"column":71}},{"start":{"line":20,"column":75},"end":{"line":20,"column":104}}]},"3":{"loc":{"start":{"line":28,"column":2},"end":{"line":30,"column":3}},"type":"if","locations":[{"start":{"line":28,"column":2},"end":{"line":30,"column":3}}]},"4":{"loc":{"start":{"line":28,"column":6},"end":{"line":28,"column":87}},"type":"binary-expr","locations":[{"start":{"line":28,"column":6},"end":{"line":28,"column":24}},{"start":{"line":28,"column":28},"end":{"line":28,"column":61}},{"start":{"line":28,"column":65},"end":{"line":28,"column":87}}]},"5":{"loc":{"start":{"line":39,"column":2},"end":{"line":41,"column":3}},"type":"if","locations":[{"start":{"line":39,"column":2},"end":{"line":41,"column":3}}]},"6":{"loc":{"start":{"line":39,"column":6},"end":{"line":39,"column":49}},"type":"binary-expr","locations":[{"start":{"line":39,"column":6},"end":{"line":39,"column":13}},{"start":{"line":39,"column":17},"end":{"line":39,"column":49}}]},"7":{"loc":{"start":{"line":49,"column":2},"end":{"line":51,"column":3}},"type":"if","locations":[{"start":{"line":49,"column":2},"end":{"line":51,"column":3}}]},"8":{"loc":{"start":{"line":49,"column":6},"end":{"line":49,"column":53}},"type":"binary-expr","locations":[{"start":{"line":49,"column":6},"end":{"line":49,"column":23}},{"start":{"line":49,"column":27},"end":{"line":49,"column":53}}]},"9":{"loc":{"start":{"line":79,"column":68},"end":{"line":79,"column":89}},"type":"default-arg","locations":[{"start":{"line":79,"column":87},"end":{"line":79,"column":89}}]},"10":{"loc":{"start":{"line":80,"column":9},"end":{"line":80,"column":53}},"type":"cond-expr","locations":[{"start":{"line":80,"column":37},"end":{"line":80,"column":42}},{"start":{"line":80,"column":45},"end":{"line":80,"column":53}}]},"11":{"loc":{"start":{"line":87,"column":2},"end":{"line":90,"column":3}},"type":"if","locations":[{"start":{"line":87,"column":2},"end":{"line":90,"column":3}}]},"12":{"loc":{"start":{"line":87,"column":6},"end":{"line":87,"column":53}},"type":"binary-expr","locations":[{"start":{"line":87,"column":6},"end":{"line":87,"column":33}},{"start":{"line":87,"column":37},"end":{"line":87,"column":53}}]},"13":{"loc":{"start":{"line":89,"column":11},"end":{"line":89,"column":76}},"type":"binary-expr","locations":[{"start":{"line":89,"column":11},"end":{"line":89,"column":40}},{"start":{"line":89,"column":44},"end":{"line":89,"column":76}}]},"14":{"loc":{"start":{"line":98,"column":2},"end":{"line":98,"column":60}},"type":"if","locations":[{"start":{"line":98,"column":2},"end":{"line":98,"column":60}}]},"15":{"loc":{"start":{"line":98,"column":6},"end":{"line":98,"column":45}},"type":"binary-expr","locations":[{"start":{"line":98,"column":6},"end":{"line":98,"column":29}},{"start":{"line":98,"column":33},"end":{"line":98,"column":45}}]},"16":{"loc":{"start":{"line":101,"column":9},"end":{"line":102,"column":39}},"type":"binary-expr","locations":[{"start":{"line":101,"column":9},"end":{"line":101,"column":48}},{"start":{"line":102,"column":9},"end":{"line":102,"column":39}}]},"17":{"loc":{"start":{"line":109,"column":2},"end":{"line":109,"column":60}},"type":"if","locations":[{"start":{"line":109,"column":2},"end":{"line":109,"column":60}}]},"18":{"loc":{"start":{"line":109,"column":6},"end":{"line":109,"column":45}},"type":"binary-expr","locations":[{"start":{"line":109,"column":6},"end":{"line":109,"column":29}},{"start":{"line":109,"column":33},"end":{"line":109,"column":45}}]},"19":{"loc":{"start":{"line":112,"column":9},"end":{"line":113,"column":42}},"type":"binary-expr","locations":[{"start":{"line":112,"column":9},"end":{"line":112,"column":39}},{"start":{"line":113,"column":9},"end":{"line":113,"column":42}}]},"20":{"loc":{"start":{"line":120,"column":9},"end":{"line":120,"column":74}},"type":"cond-expr","locations":[{"start":{"line":120,"column":64},"end":{"line":120,"column":69}},{"start":{"line":120,"column":72},"end":{"line":120,"column":74}}]},"21":{"loc":{"start":{"line":120,"column":9},"end":{"line":120,"column":61}},"type":"binary-expr","locations":[{"start":{"line":120,"column":9},"end":{"line":120,"column":34}},{"start":{"line":120,"column":38},"end":{"line":120,"column":61}}]},"22":{"loc":{"start":{"line":127,"column":2},"end":{"line":129,"column":3}},"type":"if","locations":[{"start":{"line":127,"column":2},"end":{"line":129,"column":3}}]},"23":{"loc":{"start":{"line":127,"column":6},"end":{"line":127,"column":53}},"type":"binary-expr","locations":[{"start":{"line":127,"column":6},"end":{"line":127,"column":13}},{"start":{"line":127,"column":17},"end":{"line":127,"column":53}}]},"24":{"loc":{"start":{"line":141,"column":2},"end":{"line":141,"column":67}},"type":"if","locations":[{"start":{"line":141,"column":2},"end":{"line":141,"column":67}}]},"25":{"loc":{"start":{"line":141,"column":6},"end":{"line":141,"column":45}},"type":"binary-expr","locations":[{"start":{"line":141,"column":6},"end":{"line":141,"column":29}},{"start":{"line":141,"column":33},"end":{"line":141,"column":45}}]},"26":{"loc":{"start":{"line":147,"column":4},"end":{"line":149,"column":5}},"type":"if","locations":[{"start":{"line":147,"column":4},"end":{"line":149,"column":5}}]},"27":{"loc":{"start":{"line":147,"column":8},"end":{"line":147,"column":70}},"type":"binary-expr","locations":[{"start":{"line":147,"column":8},"end":{"line":147,"column":24}},{"start":{"line":147,"column":28},"end":{"line":147,"column":49}},{"start":{"line":147,"column":53},"end":{"line":147,"column":70}}]},"28":{"loc":{"start":{"line":164,"column":2},"end":{"line":166,"column":3}},"type":"if","locations":[{"start":{"line":164,"column":2},"end":{"line":166,"column":3}}]},"29":{"loc":{"start":{"line":164,"column":6},"end":{"line":164,"column":61}},"type":"binary-expr","locations":[{"start":{"line":164,"column":6},"end":{"line":164,"column":25}},{"start":{"line":164,"column":29},"end":{"line":164,"column":38}},{"start":{"line":164,"column":42},"end":{"line":164,"column":61}}]}},"s":{"0":3,"1":3,"2":3,"3":3,"4":3,"5":3,"6":3,"7":3,"8":3,"9":3,"10":3,"11":3,"12":3,"13":3,"14":3,"15":40,"16":2,"17":38,"18":38,"19":40,"20":40,"21":0,"22":0,"23":0,"24":0,"25":0,"26":0,"27":0,"28":0,"29":0,"30":0,"31":0,"32":0,"33":0,"34":0,"35":6,"36":5,"37":5,"38":1,"39":5,"40":1,"41":4,"42":4,"43":9,"44":1,"45":8,"46":8,"47":0,"48":0,"49":0,"50":0,"51":31,"52":6,"53":25,"54":25,"55":25,"56":31,"57":4,"58":27,"59":21,"60":5,"61":4,"62":1},"f":{"0":40,"1":40,"2":0,"3":0,"4":0,"5":0,"6":0,"7":0,"8":0,"9":6,"10":5,"11":9,"12":0,"13":0,"14":31,"15":5},"b":{"0":[2],"1":[40,39],"2":[40,38,37],"3":[0],"4":[0,0,0],"5":[0],"6":[0,0],"7":[0],"8":[0,0],"9":[0],"10":[0,0],"11":[5],"12":[6,6],"13":[5,3],"14":[1],"15":[5,5],"16":[4,3],"17":[1],"18":[9,9],"19":[8,7],"20":[0,0],"21":[0,0],"22":[0],"23":[0,0],"24":[6],"25":[31,26],"26":[4],"27":[31,31,31],"28":[4],"29":[5,3,3]}}
}
