{"/Users/vladimir/auth/src/features/auth/machine/authMachine.ts": {"path":"/Users/vladimir/auth/src/features/auth/machine/authMachine.ts","statementMap":{"0":{"start":{"line":6,"column":0},"end":{"line":6,"column":52}},"1":{"start":{"line":19,"column":43},"end":{"line":30,"column":1}},"2":{"start":{"line":22,"column":2},"end":{"line":28,"column":3}},"3":{"start":{"line":27,"column":4},"end":{"line":27,"column":28}},"4":{"start":{"line":29,"column":2},"end":{"line":29,"column":12}},"5":{"start":{"line":19,"column":13},"end":{"line":19,"column":43}},"6":{"start":{"line":54,"column":33},"end":{"line":447,"column":1}},"7":{"start":{"line":55,"column":2},"end":{"line":446,"column":5}},"8":{"start":{"line":61,"column":49},"end":{"line":63,"column":8}},"9":{"start":{"line":62,"column":8},"end":{"line":62,"column":51}},"10":{"start":{"line":64,"column":77},"end":{"line":66,"column":8}},"11":{"start":{"line":65,"column":8},"end":{"line":65,"column":49}},"12":{"start":{"line":68,"column":59},"end":{"line":70,"column":null}},"13":{"start":{"line":69,"column":10},"end":{"line":69,"column":54}},"14":{"start":{"line":73,"column":54},"end":{"line":75,"column":null}},"15":{"start":{"line":74,"column":10},"end":{"line":74,"column":66}},"16":{"start":{"line":77,"column":74},"end":{"line":79,"column":8}},"17":{"start":{"line":78,"column":8},"end":{"line":78,"column":53}},"18":{"start":{"line":81,"column":64},"end":{"line":83,"column":null}},"19":{"start":{"line":82,"column":10},"end":{"line":82,"column":66}},"20":{"start":{"line":86,"column":65},"end":{"line":88,"column":null}},"21":{"start":{"line":87,"column":10},"end":{"line":87,"column":67}},"22":{"start":{"line":90,"column":41},"end":{"line":92,"column":8}},"23":{"start":{"line":91,"column":8},"end":{"line":91,"column":45}},"24":{"start":{"line":96,"column":33},"end":{"line":96,"column":68}},"25":{"start":{"line":100,"column":30},"end":{"line":104,"column":null}},"26":{"start":{"line":113,"column":31},"end":{"line":113,"column":58}},"27":{"start":{"line":126,"column":44},"end":{"line":126,"column":65}},"28":{"start":{"line":132,"column":49},"end":{"line":132,"column":69}},"29":{"start":{"line":135,"column":42},"end":{"line":135,"column":62}},"30":{"start":{"line":138,"column":53},"end":{"line":141,"column":10}},"31":{"start":{"line":157,"column":36},"end":{"line":157,"column":50}},"32":{"start":{"line":193,"column":41},"end":{"line":193,"column":62}},"33":{"start":{"line":237,"column":41},"end":{"line":237,"column":62}},"34":{"start":{"line":248,"column":44},"end":{"line":248,"column":59}},"35":{"start":{"line":260,"column":50},"end":{"line":263,"column":20}},"36":{"start":{"line":277,"column":43},"end":{"line":282,"column":20}},"37":{"start":{"line":293,"column":42},"end":{"line":293,"column":69}},"38":{"start":{"line":338,"column":41},"end":{"line":338,"column":62}},"39":{"start":{"line":349,"column":44},"end":{"line":349,"column":59}},"40":{"start":{"line":361,"column":50},"end":{"line":364,"column":20}},"41":{"start":{"line":378,"column":44},"end":{"line":378,"column":70}},"42":{"start":{"line":387,"column":43},"end":{"line":390,"column":20}},"43":{"start":{"line":401,"column":42},"end":{"line":401,"column":69}},"44":{"start":{"line":54,"column":13},"end":{"line":54,"column":33}}},"fnMap":{"0":{"name":"(anonymous_7)","decl":{"start":{"line":19,"column":43},"end":{"line":19,"column":null}},"loc":{"start":{"line":21,"column":12},"end":{"line":30,"column":1}}},"1":{"name":"(anonymous_8)","decl":{"start":{"line":54,"column":33},"end":{"line":54,"column":34}},"loc":{"start":{"line":54,"column":69},"end":{"line":447,"column":1}}},"2":{"name":"(anonymous_9)","decl":{"start":{"line":61,"column":38},"end":{"line":61,"column":47}},"loc":{"start":{"line":61,"column":49},"end":{"line":63,"column":8}}},"3":{"name":"(anonymous_10)","decl":{"start":{"line":61,"column":49},"end":{"line":61,"column":null}},"loc":{"start":{"line":61,"column":49},"end":{"line":63,"column":7}}},"4":{"name":"(anonymous_11)","decl":{"start":{"line":64,"column":29},"end":{"line":64,"column":36}},"loc":{"start":{"line":64,"column":77},"end":{"line":66,"column":8}}},"5":{"name":"(anonymous_12)","decl":{"start":{"line":64,"column":77},"end":{"line":64,"column":null}},"loc":{"start":{"line":64,"column":73},"end":{"line":66,"column":7}}},"6":{"name":"(anonymous_13)","decl":{"start":{"line":68,"column":8},"end":{"line":68,"column":15}},"loc":{"start":{"line":68,"column":59},"end":{"line":70,"column":null}}},"7":{"name":"(anonymous_14)","decl":{"start":{"line":68,"column":59},"end":{"line":68,"column":null}},"loc":{"start":{"line":68,"column":55},"end":{"line":70,"column":9}}},"8":{"name":"(anonymous_15)","decl":{"start":{"line":73,"column":8},"end":{"line":73,"column":15}},"loc":{"start":{"line":73,"column":54},"end":{"line":75,"column":null}}},"9":{"name":"(anonymous_16)","decl":{"start":{"line":73,"column":54},"end":{"line":73,"column":null}},"loc":{"start":{"line":73,"column":50},"end":{"line":75,"column":9}}},"10":{"name":"(anonymous_17)","decl":{"start":{"line":77,"column":29},"end":{"line":77,"column":36}},"loc":{"start":{"line":77,"column":74},"end":{"line":79,"column":8}}},"11":{"name":"(anonymous_18)","decl":{"start":{"line":77,"column":74},"end":{"line":77,"column":null}},"loc":{"start":{"line":77,"column":70},"end":{"line":79,"column":7}}},"12":{"name":"(anonymous_19)","decl":{"start":{"line":81,"column":8},"end":{"line":81,"column":15}},"loc":{"start":{"line":81,"column":64},"end":{"line":83,"column":null}}},"13":{"name":"(anonymous_20)","decl":{"start":{"line":81,"column":64},"end":{"line":81,"column":null}},"loc":{"start":{"line":81,"column":60},"end":{"line":83,"column":9}}},"14":{"name":"(anonymous_21)","decl":{"start":{"line":86,"column":8},"end":{"line":86,"column":15}},"loc":{"start":{"line":86,"column":65},"end":{"line":88,"column":null}}},"15":{"name":"(anonymous_22)","decl":{"start":{"line":86,"column":65},"end":{"line":86,"column":null}},"loc":{"start":{"line":86,"column":61},"end":{"line":88,"column":9}}},"16":{"name":"(anonymous_23)","decl":{"start":{"line":90,"column":30},"end":{"line":90,"column":39}},"loc":{"start":{"line":90,"column":41},"end":{"line":92,"column":8}}},"17":{"name":"(anonymous_24)","decl":{"start":{"line":90,"column":41},"end":{"line":90,"column":null}},"loc":{"start":{"line":90,"column":41},"end":{"line":92,"column":7}}},"18":{"name":"(anonymous_25)","decl":{"start":{"line":96,"column":17},"end":{"line":96,"column":18}},"loc":{"start":{"line":96,"column":33},"end":{"line":96,"column":68}}},"19":{"name":"(anonymous_26)","decl":{"start":{"line":100,"column":15},"end":{"line":100,"column":16}},"loc":{"start":{"line":100,"column":29},"end":{"line":104,"column":null}}},"20":{"name":"(anonymous_27)","decl":{"start":{"line":113,"column":15},"end":{"line":113,"column":16}},"loc":{"start":{"line":113,"column":31},"end":{"line":113,"column":58}}},"21":{"name":"(anonymous_28)","decl":{"start":{"line":126,"column":28},"end":{"line":126,"column":29}},"loc":{"start":{"line":126,"column":44},"end":{"line":126,"column":65}}},"22":{"name":"(anonymous_29)","decl":{"start":{"line":132,"column":33},"end":{"line":132,"column":34}},"loc":{"start":{"line":132,"column":49},"end":{"line":132,"column":69}}},"23":{"name":"(anonymous_30)","decl":{"start":{"line":135,"column":26},"end":{"line":135,"column":27}},"loc":{"start":{"line":135,"column":42},"end":{"line":135,"column":62}}},"24":{"name":"(anonymous_31)","decl":{"start":{"line":138,"column":28},"end":{"line":138,"column":29}},"loc":{"start":{"line":138,"column":53},"end":{"line":141,"column":10}}},"25":{"name":"(anonymous_32)","decl":{"start":{"line":157,"column":21},"end":{"line":157,"column":22}},"loc":{"start":{"line":157,"column":36},"end":{"line":157,"column":50}}},"26":{"name":"(anonymous_33)","decl":{"start":{"line":193,"column":25},"end":{"line":193,"column":26}},"loc":{"start":{"line":193,"column":41},"end":{"line":193,"column":62}}},"27":{"name":"(anonymous_34)","decl":{"start":{"line":237,"column":25},"end":{"line":237,"column":26}},"loc":{"start":{"line":237,"column":41},"end":{"line":237,"column":62}}},"28":{"name":"(anonymous_35)","decl":{"start":{"line":248,"column":27},"end":{"line":248,"column":28}},"loc":{"start":{"line":248,"column":44},"end":{"line":248,"column":59}}},"29":{"name":"(anonymous_36)","decl":{"start":{"line":260,"column":25},"end":{"line":260,"column":26}},"loc":{"start":{"line":260,"column":50},"end":{"line":263,"column":20}}},"30":{"name":"(anonymous_37)","decl":{"start":{"line":277,"column":25},"end":{"line":277,"column":26}},"loc":{"start":{"line":277,"column":43},"end":{"line":282,"column":20}}},"31":{"name":"(anonymous_38)","decl":{"start":{"line":293,"column":25},"end":{"line":293,"column":26}},"loc":{"start":{"line":293,"column":42},"end":{"line":293,"column":69}}},"32":{"name":"(anonymous_39)","decl":{"start":{"line":338,"column":25},"end":{"line":338,"column":26}},"loc":{"start":{"line":338,"column":41},"end":{"line":338,"column":62}}},"33":{"name":"(anonymous_40)","decl":{"start":{"line":349,"column":27},"end":{"line":349,"column":28}},"loc":{"start":{"line":349,"column":44},"end":{"line":349,"column":59}}},"34":{"name":"(anonymous_41)","decl":{"start":{"line":361,"column":25},"end":{"line":361,"column":26}},"loc":{"start":{"line":361,"column":50},"end":{"line":364,"column":20}}},"35":{"name":"(anonymous_42)","decl":{"start":{"line":378,"column":27},"end":{"line":378,"column":28}},"loc":{"start":{"line":378,"column":44},"end":{"line":378,"column":70}}},"36":{"name":"(anonymous_43)","decl":{"start":{"line":387,"column":25},"end":{"line":387,"column":26}},"loc":{"start":{"line":387,"column":43},"end":{"line":390,"column":20}}},"37":{"name":"(anonymous_44)","decl":{"start":{"line":401,"column":25},"end":{"line":401,"column":26}},"loc":{"start":{"line":401,"column":42},"end":{"line":401,"column":69}}}},"branchMap":{"0":{"loc":{"start":{"line":22,"column":2},"end":{"line":28,"column":3}},"type":"if","locations":[{"start":{"line":22,"column":2},"end":{"line":28,"column":3}}]},"1":{"loc":{"start":{"line":23,"column":4},"end":{"line":25,"column":31}},"type":"binary-expr","locations":[{"start":{"line":23,"column":4},"end":{"line":23,"column":11}},{"start":{"line":24,"column":4},"end":{"line":24,"column":40}},{"start":{"line":25,"column":4},"end":{"line":25,"column":31}}]},"2":{"loc":{"start":{"line":102,"column":12},"end":{"line":103,"column":42}},"type":"binary-expr","locations":[{"start":{"line":102,"column":12},"end":{"line":102,"column":64}},{"start":{"line":103,"column":12},"end":{"line":103,"column":42}}]},"3":{"loc":{"start":{"line":102,"column":12},"end":{"line":102,"column":64}},"type":"cond-expr","locations":[{"start":{"line":102,"column":55},"end":{"line":102,"column":57}},{"start":{"line":102,"column":55},"end":{"line":102,"column":64}}]},"4":{"loc":{"start":{"line":102,"column":12},"end":{"line":102,"column":57}},"type":"binary-expr","locations":[{"start":{"line":102,"column":12},"end":{"line":102,"column":57}},{"start":{"line":102,"column":55},"end":{"line":102,"column":57}}]}},"s":{"0":1,"1":1,"2":6,"3":2,"4":4,"5":1,"6":1,"7":18,"8":18,"9":18,"10":6,"11":6,"12":6,"13":6,"14":5,"15":5,"16":6,"17":6,"18":2,"19":2,"20":1,"21":1,"22":1,"23":1,"24":5,"25":8,"26":11,"27":6,"28":2,"29":2,"30":1,"31":18,"32":3,"33":6,"34":4,"35":3,"36":2,"37":2,"38":5,"39":4,"40":3,"41":2,"42":1,"43":1,"44":1},"f":{"0":6,"1":18,"2":18,"3":18,"4":6,"5":6,"6":6,"7":6,"8":5,"9":5,"10":6,"11":6,"12":2,"13":2,"14":1,"15":1,"16":1,"17":1,"18":5,"19":8,"20":11,"21":6,"22":2,"23":2,"24":1,"25":18,"26":3,"27":6,"28":4,"29":3,"30":2,"31":2,"32":5,"33":4,"34":3,"35":2,"36":1,"37":1},"b":{"0":[2],"1":[6,5,3],"2":[8,2],"3":[1,7],"4":[8,8]}}
,"/Users/vladimir/auth/src/features/auth/repositories/AuthRepository.ts": {"path":"/Users/vladimir/auth/src/features/auth/repositories/AuthRepository.ts","statementMap":{"0":{"start":{"line":6,"column":0},"end":{"line":6,"column":null}},"1":{"start":{"line":26,"column":20},"end":{"line":26,"column":40}},"2":{"start":{"line":32,"column":21},"end":{"line":36,"column":2}},"3":{"start":{"line":46,"column":4},"end":{"line":46,"column":27}},"4":{"start":{"line":47,"column":4},"end":{"line":51,"column":7}},"5":{"start":{"line":53,"column":4},"end":{"line":53,"column":34}},"6":{"start":{"line":57,"column":4},"end":{"line":69,"column":5}},"7":{"start":{"line":58,"column":23},"end":{"line":60,"column":31}},"8":{"start":{"line":61,"column":35},"end":{"line":64,"column":8}},"9":{"start":{"line":65,"column":6},"end":{"line":65,"column":38}},"10":{"start":{"line":66,"column":6},"end":{"line":66,"column":21}},"11":{"start":{"line":68,"column":6},"end":{"line":68,"column":30}},"12":{"start":{"line":73,"column":4},"end":{"line":77,"column":5}},"13":{"start":{"line":74,"column":6},"end":{"line":74,"column":59}},"14":{"start":{"line":76,"column":6},"end":{"line":76,"column":30}},"15":{"start":{"line":81,"column":4},"end":{"line":85,"column":5}},"16":{"start":{"line":82,"column":6},"end":{"line":82,"column":62}},"17":{"start":{"line":84,"column":6},"end":{"line":84,"column":30}},"18":{"start":{"line":89,"column":4},"end":{"line":96,"column":5}},"19":{"start":{"line":90,"column":23},"end":{"line":92,"column":36}},"20":{"start":{"line":93,"column":6},"end":{"line":93,"column":35}},"21":{"start":{"line":95,"column":6},"end":{"line":95,"column":30}},"22":{"start":{"line":102,"column":4},"end":{"line":106,"column":5}},"23":{"start":{"line":103,"column":6},"end":{"line":103,"column":68}},"24":{"start":{"line":105,"column":6},"end":{"line":105,"column":30}},"25":{"start":{"line":112,"column":4},"end":{"line":116,"column":5}},"26":{"start":{"line":113,"column":6},"end":{"line":113,"column":74}},"27":{"start":{"line":115,"column":6},"end":{"line":115,"column":30}},"28":{"start":{"line":120,"column":4},"end":{"line":144,"column":5}},"29":{"start":{"line":121,"column":22},"end":{"line":121,"column":46}},"30":{"start":{"line":122,"column":6},"end":{"line":122,"column":32}},"31":{"start":{"line":122,"column":20},"end":{"line":122,"column":32}},"32":{"start":{"line":124,"column":6},"end":{"line":127,"column":7}},"33":{"start":{"line":125,"column":8},"end":{"line":125,"column":28}},"34":{"start":{"line":126,"column":8},"end":{"line":126,"column":20}},"35":{"start":{"line":129,"column":23},"end":{"line":131,"column":8}},"36":{"start":{"line":133,"column":27},"end":{"line":133,"column":72}},"37":{"start":{"line":134,"column":6},"end":{"line":134,"column":46}},"38":{"start":{"line":135,"column":6},"end":{"line":135,"column":29}},"39":{"start":{"line":137,"column":6},"end":{"line":142,"column":7}},"40":{"start":{"line":138,"column":25},"end":{"line":138,"column":39}},"41":{"start":{"line":139,"column":8},"end":{"line":141,"column":9}},"42":{"start":{"line":140,"column":10},"end":{"line":140,"column":30}},"43":{"start":{"line":143,"column":6},"end":{"line":143,"column":18}},"44":{"start":{"line":148,"column":4},"end":{"line":148,"column":47}},"45":{"start":{"line":154,"column":4},"end":{"line":154,"column":69}},"46":{"start":{"line":158,"column":16},"end":{"line":158,"column":55}},"47":{"start":{"line":159,"column":4},"end":{"line":159,"column":26}},"48":{"start":{"line":159,"column":14},"end":{"line":159,"column":26}},"49":{"start":{"line":161,"column":4},"end":{"line":180,"column":5}},"50":{"start":{"line":162,"column":21},"end":{"line":162,"column":36}},"51":{"start":{"line":163,"column":6},"end":{"line":174,"column":7}},"52":{"start":{"line":165,"column":8},"end":{"line":167,"column":9}},"53":{"start":{"line":166,"column":10},"end":{"line":166,"column":45}},"54":{"start":{"line":169,"column":8},"end":{"line":173,"column":10}},"55":{"start":{"line":177,"column":6},"end":{"line":179,"column":7}},"56":{"start":{"line":178,"column":8},"end":{"line":178,"column":36}},"57":{"start":{"line":182,"column":4},"end":{"line":182,"column":16}},"58":{"start":{"line":190,"column":4},"end":{"line":219,"column":5}},"59":{"start":{"line":191,"column":20},"end":{"line":191,"column":36}},"60":{"start":{"line":192,"column":6},"end":{"line":192,"column":42}},"61":{"start":{"line":192,"column":30},"end":{"line":192,"column":42}},"62":{"start":{"line":195,"column":28},"end":{"line":195,"column":74}},"63":{"start":{"line":198,"column":6},"end":{"line":207,"column":7}},"64":{"start":{"line":200,"column":8},"end":{"line":200,"column":41}},"65":{"start":{"line":201,"column":13},"end":{"line":207,"column":7}},"66":{"start":{"line":203,"column":8},"end":{"line":203,"column":69}},"67":{"start":{"line":206,"column":8},"end":{"line":206,"column":21}},"68":{"start":{"line":209,"column":22},"end":{"line":209,"column":44}},"69":{"start":{"line":211,"column":6},"end":{"line":211,"column":37}},"70":{"start":{"line":211,"column":24},"end":{"line":211,"column":37}},"71":{"start":{"line":214,"column":26},"end":{"line":214,"column":55}},"72":{"start":{"line":216,"column":6},"end":{"line":216,"column":39}},"73":{"start":{"line":218,"column":6},"end":{"line":218,"column":18}},"74":{"start":{"line":223,"column":4},"end":{"line":240,"column":5}},"75":{"start":{"line":224,"column":23},"end":{"line":224,"column":37}},"76":{"start":{"line":225,"column":27},"end":{"line":225,"column":63}},"77":{"start":{"line":226,"column":6},"end":{"line":233,"column":7}},"78":{"start":{"line":232,"column":8},"end":{"line":232,"column":55}},"79":{"start":{"line":235,"column":6},"end":{"line":237,"column":7}},"80":{"start":{"line":236,"column":8},"end":{"line":236,"column":39}},"81":{"start":{"line":239,"column":6},"end":{"line":239,"column":54}},"82":{"start":{"line":242,"column":4},"end":{"line":242,"column":52}},"83":{"start":{"line":246,"column":4},"end":{"line":268,"column":6}},"84":{"start":{"line":247,"column":20},"end":{"line":247,"column":28}},"85":{"start":{"line":248,"column":34},"end":{"line":267,"column":null}},"86":{"start":{"line":249,"column":23},"end":{"line":249,"column":50}},"87":{"start":{"line":250,"column":8},"end":{"line":250,"column":50}},"88":{"start":{"line":250,"column":21},"end":{"line":250,"column":50}},"89":{"start":{"line":252,"column":8},"end":{"line":252,"column":53}},"90":{"start":{"line":255,"column":10},"end":{"line":257,"column":73}},"91":{"start":{"line":259,"column":8},"end":{"line":265,"column":9}},"92":{"start":{"line":260,"column":10},"end":{"line":260,"column":34}},"93":{"start":{"line":262,"column":12},"end":{"line":262,"column":77}},"94":{"start":{"line":263,"column":10},"end":{"line":263,"column":69}},"95":{"start":{"line":263,"column":41},"end":{"line":263,"column":67}},"96":{"start":{"line":264,"column":10},"end":{"line":264,"column":40}},"97":{"start":{"line":266,"column":8},"end":{"line":266,"column":37}},"98":{"start":{"line":38,"column":0},"end":{"line":38,"column":13}}},"fnMap":{"0":{"name":"(anonymous_7)","decl":{"start":{"line":42,"column":2},"end":{"line":42,"column":null}},"loc":{"start":{"line":44,"column":53},"end":{"line":54,"column":3}}},"1":{"name":"(anonymous_8)","decl":{"start":{"line":56,"column":8},"end":{"line":56,"column":13}},"loc":{"start":{"line":56,"column":38},"end":{"line":70,"column":null}}},"2":{"name":"(anonymous_10)","decl":{"start":{"line":72,"column":8},"end":{"line":72,"column":16}},"loc":{"start":{"line":72,"column":44},"end":{"line":78,"column":null}}},"3":{"name":"(anonymous_12)","decl":{"start":{"line":80,"column":8},"end":{"line":80,"column":28}},"loc":{"start":{"line":80,"column":51},"end":{"line":86,"column":null}}},"4":{"name":"(anonymous_14)","decl":{"start":{"line":88,"column":8},"end":{"line":88,"column":17}},"loc":{"start":{"line":88,"column":39},"end":{"line":97,"column":null}}},"5":{"name":"(anonymous_16)","decl":{"start":{"line":99,"column":8},"end":{"line":99,"column":28}},"loc":{"start":{"line":100,"column":36},"end":{"line":107,"column":null}}},"6":{"name":"(anonymous_18)","decl":{"start":{"line":109,"column":8},"end":{"line":109,"column":29}},"loc":{"start":{"line":110,"column":37},"end":{"line":117,"column":null}}},"7":{"name":"(anonymous_20)","decl":{"start":{"line":119,"column":8},"end":{"line":119,"column":20}},"loc":{"start":{"line":119,"column":20},"end":{"line":145,"column":null}}},"8":{"name":"(anonymous_22)","decl":{"start":{"line":147,"column":8},"end":{"line":147,"column":14}},"loc":{"start":{"line":147,"column":14},"end":{"line":149,"column":null}}},"9":{"name":"(anonymous_24)","decl":{"start":{"line":153,"column":16},"end":{"line":153,"column":27}},"loc":{"start":{"line":153,"column":48},"end":{"line":155,"column":null}}},"10":{"name":"(anonymous_26)","decl":{"start":{"line":157,"column":16},"end":{"line":157,"column":27}},"loc":{"start":{"line":157,"column":27},"end":{"line":183,"column":null}}},"11":{"name":"(anonymous_28)","decl":{"start":{"line":189,"column":10},"end":{"line":189,"column":24}},"loc":{"start":{"line":189,"column":38},"end":{"line":220,"column":3}}},"12":{"name":"(anonymous_29)","decl":{"start":{"line":222,"column":10},"end":{"line":222,"column":21}},"loc":{"start":{"line":222,"column":32},"end":{"line":243,"column":3}}},"13":{"name":"(anonymous_30)","decl":{"start":{"line":245,"column":10},"end":{"line":245,"column":32}},"loc":{"start":{"line":245,"column":32},"end":{"line":269,"column":3}}},"14":{"name":"(anonymous_31)","decl":{"start":{"line":247,"column":6},"end":{"line":247,"column":7}},"loc":{"start":{"line":247,"column":20},"end":{"line":247,"column":28}}},"15":{"name":"(anonymous_32)","decl":{"start":{"line":248,"column":6},"end":{"line":248,"column":13}},"loc":{"start":{"line":248,"column":34},"end":{"line":267,"column":null}}},"16":{"name":"(anonymous_33)","decl":{"start":{"line":248,"column":34},"end":{"line":248,"column":null}},"loc":{"start":{"line":248,"column":34},"end":{"line":267,"column":7}}},"17":{"name":"(anonymous_34)","decl":{"start":{"line":263,"column":28},"end":{"line":263,"column":29}},"loc":{"start":{"line":263,"column":41},"end":{"line":263,"column":67}}}},"branchMap":{"0":{"loc":{"start":{"line":44,"column":4},"end":{"line":44,"column":53}},"type":"default-arg","locations":[{"start":{"line":44,"column":22},"end":{"line":44,"column":53}}]},"1":{"loc":{"start":{"line":122,"column":6},"end":{"line":122,"column":32}},"type":"if","locations":[{"start":{"line":122,"column":6},"end":{"line":122,"column":32}}]},"2":{"loc":{"start":{"line":124,"column":6},"end":{"line":127,"column":7}},"type":"if","locations":[{"start":{"line":124,"column":6},"end":{"line":127,"column":7}}]},"3":{"loc":{"start":{"line":137,"column":6},"end":{"line":142,"column":7}},"type":"if","locations":[{"start":{"line":137,"column":6},"end":{"line":142,"column":7}}]},"4":{"loc":{"start":{"line":139,"column":8},"end":{"line":141,"column":9}},"type":"if","locations":[{"start":{"line":139,"column":8},"end":{"line":141,"column":9}}]},"5":{"loc":{"start":{"line":139,"column":12},"end":{"line":139,"column":47}},"type":"binary-expr","locations":[{"start":{"line":139,"column":12},"end":{"line":139,"column":20}},{"start":{"line":139,"column":24},"end":{"line":139,"column":47}}]},"6":{"loc":{"start":{"line":159,"column":4},"end":{"line":159,"column":26}},"type":"if","locations":[{"start":{"line":159,"column":4},"end":{"line":159,"column":26}}]},"7":{"loc":{"start":{"line":163,"column":6},"end":{"line":174,"column":7}},"type":"if","locations":[{"start":{"line":163,"column":6},"end":{"line":174,"column":7}}]},"8":{"loc":{"start":{"line":163,"column":10},"end":{"line":163,"column":58}},"type":"binary-expr","locations":[{"start":{"line":163,"column":10},"end":{"line":163,"column":16}},{"start":{"line":163,"column":20},"end":{"line":163,"column":58}}]},"9":{"loc":{"start":{"line":165,"column":8},"end":{"line":167,"column":9}},"type":"if","locations":[{"start":{"line":165,"column":8},"end":{"line":167,"column":9}}]},"10":{"loc":{"start":{"line":177,"column":6},"end":{"line":179,"column":7}},"type":"if","locations":[{"start":{"line":177,"column":6},"end":{"line":179,"column":7}}]},"11":{"loc":{"start":{"line":177,"column":10},"end":{"line":177,"column":66}},"type":"binary-expr","locations":[{"start":{"line":177,"column":10},"end":{"line":177,"column":33}},{"start":{"line":177,"column":37},"end":{"line":177,"column":66}}]},"12":{"loc":{"start":{"line":192,"column":6},"end":{"line":192,"column":42}},"type":"if","locations":[{"start":{"line":192,"column":6},"end":{"line":192,"column":42}}]},"13":{"loc":{"start":{"line":198,"column":6},"end":{"line":207,"column":7}},"type":"if","locations":[{"start":{"line":198,"column":6},"end":{"line":207,"column":7}},{"start":{"line":201,"column":13},"end":{"line":207,"column":7}}]},"14":{"loc":{"start":{"line":201,"column":13},"end":{"line":207,"column":7}},"type":"if","locations":[{"start":{"line":201,"column":13},"end":{"line":207,"column":7}},{"start":{"line":204,"column":13},"end":{"line":207,"column":7}}]},"15":{"loc":{"start":{"line":211,"column":6},"end":{"line":211,"column":37}},"type":"if","locations":[{"start":{"line":211,"column":6},"end":{"line":211,"column":37}}]},"16":{"loc":{"start":{"line":223,"column":4},"end":{"line":240,"column":5}},"type":"if","locations":[{"start":{"line":223,"column":4},"end":{"line":240,"column":5}}]},"17":{"loc":{"start":{"line":225,"column":27},"end":{"line":225,"column":63}},"type":"cond-expr","locations":[{"start":{"line":225,"column":38},"end":{"line":225,"column":51}},{"start":{"line":225,"column":54},"end":{"line":225,"column":63}}]},"18":{"loc":{"start":{"line":226,"column":6},"end":{"line":233,"column":7}},"type":"if","locations":[{"start":{"line":226,"column":6},"end":{"line":233,"column":7}}]},"19":{"loc":{"start":{"line":227,"column":8},"end":{"line":230,"column":37}},"type":"binary-expr","locations":[{"start":{"line":227,"column":8},"end":{"line":227,"column":20}},{"start":{"line":228,"column":8},"end":{"line":228,"column":40}},{"start":{"line":229,"column":8},"end":{"line":229,"column":57}},{"start":{"line":230,"column":9},"end":{"line":230,"column":37}}]},"20":{"loc":{"start":{"line":235,"column":6},"end":{"line":237,"column":7}},"type":"if","locations":[{"start":{"line":235,"column":6},"end":{"line":237,"column":7}}]},"21":{"loc":{"start":{"line":235,"column":10},"end":{"line":235,"column":60}},"type":"binary-expr","locations":[{"start":{"line":235,"column":10},"end":{"line":235,"column":43}},{"start":{"line":235,"column":47},"end":{"line":235,"column":60}}]},"22":{"loc":{"start":{"line":250,"column":8},"end":{"line":250,"column":50}},"type":"if","locations":[{"start":{"line":250,"column":8},"end":{"line":250,"column":50}}]},"23":{"loc":{"start":{"line":252,"column":29},"end":{"line":252,"column":52}},"type":"binary-expr","locations":[{"start":{"line":252,"column":29},"end":{"line":252,"column":47}},{"start":{"line":252,"column":51},"end":{"line":252,"column":52}}]},"24":{"loc":{"start":{"line":255,"column":10},"end":{"line":257,"column":73}},"type":"binary-expr","locations":[{"start":{"line":255,"column":10},"end":{"line":255,"column":54}},{"start":{"line":256,"column":11},"end":{"line":256,"column":26}},{"start":{"line":257,"column":12},"end":{"line":257,"column":72}}]},"25":{"loc":{"start":{"line":259,"column":8},"end":{"line":265,"column":9}},"type":"if","locations":[{"start":{"line":259,"column":8},"end":{"line":265,"column":9}}]}},"s":{"0":1,"1":1,"2":1,"3":41,"4":41,"5":41,"6":4,"7":4,"8":1,"9":1,"10":1,"11":3,"12":2,"13":2,"14":1,"15":2,"16":2,"17":1,"18":2,"19":2,"20":1,"21":1,"22":2,"23":2,"24":1,"25":2,"26":2,"27":1,"28":11,"29":11,"30":11,"31":2,"32":9,"33":2,"34":2,"35":7,"36":4,"37":4,"38":4,"39":3,"40":3,"41":3,"42":1,"43":3,"44":4,"45":5,"46":11,"47":11,"48":1,"49":10,"50":10,"51":8,"52":7,"53":1,"54":7,"55":2,"56":2,"57":1,"58":14,"59":14,"60":14,"61":1,"62":13,"63":13,"64":11,"65":2,"66":1,"67":1,"68":11,"69":10,"70":1,"71":9,"72":9,"73":2,"74":11,"75":10,"76":10,"77":10,"78":6,"79":4,"80":2,"81":2,"82":1,"83":41,"84":1,"85":3,"86":3,"87":3,"88":1,"89":2,"90":2,"91":2,"92":1,"93":1,"94":1,"95":1,"96":1,"97":1,"98":1},"f":{"0":41,"1":4,"2":2,"3":2,"4":2,"5":2,"6":2,"7":11,"8":4,"9":5,"10":11,"11":14,"12":11,"13":41,"14":1,"15":3,"16":3,"17":1},"b":{"0":[1],"1":[2],"2":[2],"3":[3],"4":[1],"5":[3,2],"6":[1],"7":[7],"8":[8,8],"9":[1],"10":[2],"11":[2,2],"12":[1],"13":[11,2],"14":[1,1],"15":[1],"16":[10],"17":[8,2],"18":[6],"19":[10,8,7,6],"20":[2],"21":[4,3],"22":[1],"23":[2,1],"24":[2,1,1],"25":[1]}}
}
