TN:
SF:src/features/auth/machine/authMachine.ts
FN:34,(anonymous_0)
FN:52,(anonymous_1)
FN:86,(anonymous_2)
FN:93,(anonymous_3)
FN:96,(anonymous_4)
FN:101,(anonymous_5)
FN:106,(anonymous_6)
FN:110,(anonymous_7)
FN:114,(anonymous_8)
FN:119,(anonymous_9)
FN:123,(anonymous_10)
FN:129,(anonymous_11)
FN:137,(anonymous_12)
FN:151,(anonymous_13)
FN:167,(anonymous_14)
FN:177,(anonymous_15)
FN:184,(anonymous_16)
FN:191,(anonymous_17)
FN:217,(anonymous_18)
FN:253,(anonymous_19)
FN:300,(anonymous_20)
FN:315,(anonymous_21)
FN:327,(anonymous_22)
FN:344,(anonymous_23)
FN:360,(anonymous_24)
FN:414,(anonymous_25)
FN:428,(anonymous_26)
FN:440,(anonymous_27)
FN:457,(anonymous_28)
FN:466,(anonymous_29)
FN:480,(anonymous_30)
FNF:31
FNH:31
FNDA:9,(anonymous_0)
FNDA:14,(anonymous_1)
FNDA:52,(anonymous_2)
FNDA:52,(anonymous_3)
FNDA:17,(anonymous_4)
FNDA:14,(anonymous_5)
FNDA:12,(anonymous_6)
FNDA:15,(anonymous_7)
FNDA:5,(anonymous_8)
FNDA:3,(anonymous_9)
FNDA:3,(anonymous_10)
FNDA:14,(anonymous_11)
FNDA:23,(anonymous_12)
FNDA:26,(anonymous_13)
FNDA:14,(anonymous_14)
FNDA:5,(anonymous_15)
FNDA:5,(anonymous_16)
FNDA:3,(anonymous_17)
FNDA:49,(anonymous_18)
FNDA:11,(anonymous_19)
FNDA:14,(anonymous_20)
FNDA:10,(anonymous_21)
FNDA:8,(anonymous_22)
FNDA:5,(anonymous_23)
FNDA:4,(anonymous_24)
FNDA:12,(anonymous_25)
FNDA:8,(anonymous_26)
FNDA:7,(anonymous_27)
FNDA:5,(anonymous_28)
FNDA:3,(anonymous_29)
FNDA:2,(anonymous_30)
DA:6,2
DA:18,2
DA:34,2
DA:37,9
DA:42,4
DA:44,5
DA:52,2
DA:55,14
DA:86,2
DA:87,52
DA:94,52
DA:98,17
DA:102,14
DA:107,12
DA:111,15
DA:115,5
DA:120,3
DA:124,3
DA:131,14
DA:132,14
DA:140,23
DA:141,23
DA:153,26
DA:169,14
DA:170,14
DA:179,5
DA:180,5
DA:186,5
DA:187,5
DA:193,3
DA:194,3
DA:195,0
DA:197,3
DA:217,49
DA:254,11
DA:255,11
DA:302,14
DA:303,14
DA:315,10
DA:327,8
DA:344,5
DA:363,4
DA:364,2
DA:368,2
DA:415,12
DA:416,12
DA:428,8
DA:440,7
DA:457,5
DA:466,3
DA:483,2
DA:484,2
DA:488,0
LF:53
LH:51
BRDA:37,0,0,4
BRDA:38,1,0,9
BRDA:38,1,1,7
BRDA:38,1,2,5
BRDA:56,2,0,14
BRDA:56,2,1,12
BRDA:56,2,2,10
BRDA:56,2,3,9
BRDA:56,2,4,6
BRDA:132,3,0,14
BRDA:132,3,1,0
BRDA:140,4,0,23
BRDA:140,4,1,7
BRDA:180,5,0,5
BRDA:180,5,1,0
BRDA:187,6,0,5
BRDA:187,6,1,0
BRDA:194,7,0,0
BRDA:198,8,0,3
BRDA:198,8,1,0
BRDA:255,9,0,11
BRDA:255,9,1,0
BRDA:303,10,0,14
BRDA:303,10,1,0
BRDA:328,11,0,8
BRDA:328,11,1,0
BRDA:329,12,0,8
BRDA:329,12,1,0
BRDA:345,13,0,5
BRDA:345,13,1,0
BRDA:363,14,0,2
BRDA:416,15,0,12
BRDA:416,15,1,0
BRDA:441,16,0,7
BRDA:441,16,1,0
BRDA:442,17,0,7
BRDA:442,17,1,0
BRDA:467,18,0,3
BRDA:467,18,1,0
BRDA:468,19,0,3
BRDA:468,19,1,0
BRDA:483,20,0,2
BRF:42
BRH:27
end_of_record
TN:
SF:src/features/auth/repositories/AuthRepository.ts
FN:50,(anonymous_1)
FN:69,(anonymous_2)
FN:116,(anonymous_3)
FN:122,(anonymous_4)
FN:128,(anonymous_5)
FN:137,(anonymous_6)
FN:143,(anonymous_7)
FN:256,(anonymous_8)
FN:148,(anonymous_9)
FN:162,(anonymous_10)
FN:182,(anonymous_11)
FN:213,(anonymous_12)
FN:333,(anonymous_13)
FN:342,(anonymous_14)
FN:373,(anonymous_15)
FN:377,(anonymous_16)
FN:396,(anonymous_17)
FN:428,(anonymous_18)
FN:437,(anonymous_19)
FN:460,(anonymous_20)
FN:507,(anonymous_21)
FN:509,(anonymous_22)
FN:510,(anonymous_23)
FN:525,(anonymous_24)
FNF:24
FNH:24
FNDA:75,(anonymous_1)
FNDA:4,(anonymous_2)
FNDA:2,(anonymous_3)
FNDA:2,(anonymous_4)
FNDA:2,(anonymous_5)
FNDA:2,(anonymous_6)
FNDA:2,(anonymous_7)
FNDA:8,(anonymous_8)
FNDA:21,(anonymous_9)
FNDA:4,(anonymous_10)
FNDA:16,(anonymous_11)
FNDA:7,(anonymous_12)
FNDA:10,(anonymous_13)
FNDA:4,(anonymous_14)
FNDA:10,(anonymous_15)
FNDA:45,(anonymous_16)
FNDA:37,(anonymous_17)
FNDA:32,(anonymous_18)
FNDA:32,(anonymous_19)
FNDA:33,(anonymous_20)
FNDA:75,(anonymous_21)
FNDA:1,(anonymous_22)
FNDA:3,(anonymous_23)
FNDA:1,(anonymous_24)
DA:6,2
DA:27,2
DA:28,2
DA:34,2
DA:40,2
DA:46,2
DA:54,75
DA:55,75
DA:61,75
DA:68,75
DA:70,4
DA:75,1
DA:76,1
DA:79,0
DA:82,1
DA:83,1
DA:88,0
DA:91,1
DA:95,1
DA:100,1
DA:101,0
DA:106,1
DA:110,1
DA:111,1
DA:115,75
DA:117,2
DA:121,75
DA:123,2
DA:127,75
DA:129,2
DA:132,1
DA:136,75
DA:138,2
DA:142,75
DA:144,2
DA:150,21
DA:151,21
DA:154,19
DA:155,4
DA:159,15
DA:165,4
DA:167,3
DA:168,3
DA:171,1
DA:173,1
DA:176,1
DA:177,1
DA:178,1
DA:185,16
DA:186,16
DA:191,5
DA:192,5
DA:193,1
DA:194,1
DA:197,4
DA:198,4
DA:199,4
DA:201,11
DA:202,11
DA:203,11
DA:205,7
DA:209,4
DA:214,7
DA:215,7
DA:218,5
DA:219,4
DA:221,5
DA:224,2
DA:226,2
DA:229,1
DA:230,1
DA:231,1
DA:255,75
DA:257,8
DA:262,5
DA:263,5
DA:266,0
DA:269,5
DA:270,5
DA:275,0
DA:280,5
DA:284,5
DA:285,0
DA:291,5
DA:292,5
DA:293,1
DA:298,4
DA:299,4
DA:306,3
DA:307,3
DA:308,3
DA:313,1
DA:318,1
DA:322,4
DA:328,4
DA:329,4
DA:334,10
DA:343,4
DA:344,4
DA:346,3
DA:347,3
DA:351,2
DA:352,2
DA:353,1
DA:357,1
DA:363,1
DA:364,1
DA:367,1
DA:374,10
DA:378,45
DA:379,45
DA:382,41
DA:383,41
DA:384,37
DA:386,4
DA:388,4
DA:389,3
DA:393,1
DA:399,37
DA:404,3
DA:408,34
DA:412,32
DA:418,32
DA:425,2
DA:431,32
DA:432,13
DA:434,19
DA:440,32
DA:441,4
DA:443,28
DA:461,33
DA:462,33
DA:463,33
DA:466,32
DA:469,32
DA:471,29
DA:472,29
DA:475,3
DA:477,3
DA:479,2
DA:480,2
DA:483,0
DA:488,1
DA:491,28
DA:495,24
DA:498,21
DA:500,21
DA:503,4
DA:508,75
DA:509,1
DA:511,3
DA:512,3
DA:514,2
DA:517,2
DA:521,2
DA:522,1
DA:524,1
DA:525,1
DA:526,1
DA:528,1
LF:160
LH:153
BRDA:52,0,0,1
BRDA:76,1,0,0
BRDA:83,2,0,0
BRDA:100,3,0,0
BRDA:100,4,0,1
BRDA:100,4,1,1
BRDA:263,5,0,0
BRDA:270,6,0,0
BRDA:284,7,0,0
BRDA:284,8,0,5
BRDA:284,8,1,5
BRDA:292,9,0,1
BRDA:307,10,0,3
BRDA:151,11,0,2
BRDA:154,12,0,4
BRDA:165,13,0,3
BRDA:192,14,0,1
BRDA:201,15,0,11
BRDA:203,16,0,7
BRDA:215,17,0,5
BRDA:218,18,0,4
BRDA:344,19,0,1
BRDA:352,20,0,1
BRDA:379,21,0,4
BRDA:388,22,0,3
BRDA:388,23,0,4
BRDA:388,23,1,4
BRDA:399,24,0,3
BRDA:400,25,0,37
BRDA:400,25,1,37
BRDA:400,25,2,37
BRDA:408,26,0,32
BRDA:431,27,0,13
BRDA:440,28,0,4
BRDA:440,29,0,32
BRDA:440,29,1,4
BRDA:463,30,0,1
BRDA:469,31,0,29
BRDA:469,31,1,3
BRDA:477,32,0,2
BRDA:477,32,1,1
BRDA:495,33,0,3
BRDA:495,34,0,24
BRDA:495,34,1,22
BRDA:512,35,0,1
BRDA:514,36,0,2
BRDA:514,36,1,1
BRDA:517,37,0,2
BRDA:517,37,1,1
BRDA:517,37,2,1
BRDA:521,38,0,1
BRF:51
BRH:45
end_of_record
TN:
SF:src/features/auth/utils/errorHandler.ts
FN:9,handleApiError
FN:38,withErrorHandling
FN:39,(anonymous_3)
FNF:3
FNH:3
FNDA:19,handleApiError
FNDA:528,withErrorHandling
FNDA:25,(anonymous_3)
DA:1,3
DA:2,3
DA:9,3
DA:10,19
DA:11,17
DA:12,17
DA:15,17
DA:16,17
DA:17,11
DA:21,6
DA:22,4
DA:26,2
DA:30,2
DA:38,3
DA:39,528
DA:40,25
DA:41,25
DA:42,24
DA:43,24
DA:45,0
DA:47,1
LF:21
LH:20
BRDA:10,0,0,17
BRDA:12,1,0,14
BRDA:12,1,1,3
BRDA:16,2,0,11
BRDA:16,3,0,17
BRDA:16,3,1,11
BRDA:21,4,0,4
BRDA:21,5,0,6
BRDA:21,5,1,5
BRDA:42,6,0,24
BRF:10
BRH:10
end_of_record
TN:
SF:src/features/auth/utils/safetyUtils.ts
FN:20,hasRequiredProperties
FN:30,(anonymous_1)
FN:48,safeExtractErrorMessage
FN:75,safeExtractPayload
FN:91,safeExtractLoginPayload
FN:104,safeExtractStringFromPayload
FN:118,safeExtractOutput
FN:130,safeExtractEmail
FN:137,safeExtractOtp
FN:144,safeExtractNewPassword
FN:151,safeGetStringFromContext
FN:161,isValidRegisterRequest
FN:179,isValidRequestOtp
FN:192,isValidVerifyOtp
FN:210,safeExtractRegisterPayload
FN:223,safeExtractOtpRequestPayload
FN:236,safeExtractVerifyOtpPayload
FN:249,safeExtractResetPasswordPayload
FN:262,safeExtractSessionOutput
FN:275,isValidLoginRequest
FN:288,isAuthSession
FN:300,isUserProfile
FN:309,safeExtractActionToken
FN:316,safeExtractPasswordFromPending
FN:328,safeGetNestedValue
FN:351,safeArrayAccess
FNF:26
FNH:21
FNDA:56,hasRequiredProperties
FNDA:54,(anonymous_1)
FNDA:27,safeExtractErrorMessage
FNDA:109,safeExtractPayload
FNDA:11,safeExtractLoginPayload
FNDA:51,safeExtractStringFromPayload
FNDA:27,safeExtractOutput
FNDA:28,safeExtractEmail
FNDA:17,safeExtractOtp
FNDA:2,safeExtractNewPassword
FNDA:0,safeGetStringFromContext
FNDA:28,isValidRegisterRequest
FNDA:12,isValidRequestOtp
FNDA:0,isValidVerifyOtp
FNDA:28,safeExtractRegisterPayload
FNDA:12,safeExtractOtpRequestPayload
FNDA:0,safeExtractVerifyOtpPayload
FNDA:3,safeExtractResetPasswordPayload
FNDA:14,safeExtractSessionOutput
FNDA:17,isValidLoginRequest
FNDA:19,isAuthSession
FNDA:19,isUserProfile
FNDA:0,safeExtractActionToken
FNDA:0,safeExtractPasswordFromPending
FNDA:41,safeGetNestedValue
FNDA:11,safeArrayAccess
DA:20,7
DA:25,56
DA:26,5
DA:29,51
DA:30,51
DA:31,54
DA:32,54
DA:48,7
DA:49,27
DA:51,27
DA:52,27
DA:53,26
DA:54,0
DA:56,26
DA:57,19
DA:59,7
DA:60,1
DA:62,6
DA:63,0
DA:69,7
DA:75,7
DA:78,109
DA:83,105
DA:85,4
DA:91,7
DA:94,11
DA:95,11
DA:96,11
DA:98,0
DA:104,7
DA:108,51
DA:109,51
DA:110,45
DA:112,6
DA:118,7
DA:121,27
DA:122,26
DA:124,1
DA:130,7
DA:131,28
DA:137,7
DA:138,17
DA:144,7
DA:145,2
DA:151,7
DA:155,0
DA:161,7
DA:164,28
DA:165,28
DA:166,28
DA:173,0
DA:179,7
DA:182,12
DA:183,12
DA:184,12
DA:186,0
DA:192,7
DA:195,0
DA:196,0
DA:197,0
DA:204,0
DA:210,7
DA:213,28
DA:214,28
DA:215,28
DA:217,0
DA:223,7
DA:226,12
DA:227,12
DA:228,12
DA:230,0
DA:236,7
DA:239,0
DA:240,0
DA:241,0
DA:243,0
DA:249,7
DA:252,3
DA:253,3
DA:254,3
DA:256,0
DA:262,7
DA:265,14
DA:266,14
DA:267,14
DA:269,0
DA:275,7
DA:278,17
DA:279,16
DA:280,16
DA:282,1
DA:288,7
DA:289,19
DA:291,18
DA:292,18
DA:300,7
DA:301,19
DA:303,18
DA:304,18
DA:309,7
DA:310,0
DA:316,7
DA:319,0
DA:320,0
DA:322,0
DA:328,7
DA:333,41
DA:335,35
DA:336,35
DA:338,35
DA:339,46
DA:340,8
DA:342,38
DA:345,27
DA:351,7
DA:356,11
DA:357,8
DA:359,3
LF:118
LH:96
BRDA:25,0,0,5
BRDA:25,1,0,56
BRDA:25,1,1,55
BRDA:25,1,2,54
BRDA:33,2,0,54
BRDA:33,2,1,51
BRDA:33,2,2,50
BRDA:52,3,0,26
BRDA:52,4,0,27
BRDA:52,4,1,26
BRDA:53,5,0,0
BRDA:53,6,0,26
BRDA:53,6,1,1
BRDA:56,7,0,19
BRDA:56,8,0,26
BRDA:56,8,1,19
BRDA:59,9,0,1
BRDA:59,10,0,7
BRDA:59,10,1,1
BRDA:62,11,0,0
BRDA:62,12,0,6
BRDA:62,12,1,0
BRDA:78,13,0,105
BRDA:79,14,0,109
BRDA:79,14,1,107
BRDA:79,14,2,106
BRDA:95,15,0,11
BRDA:109,16,0,45
BRDA:109,17,0,51
BRDA:109,17,1,50
BRDA:121,18,0,26
BRDA:121,19,0,27
BRDA:121,19,1,26
BRDA:153,20,0,0
BRDA:155,21,0,0
BRDA:155,21,1,0
BRDA:164,22,0,28
BRDA:164,23,0,28
BRDA:164,23,1,28
BRDA:167,24,0,28
BRDA:167,24,1,28
BRDA:167,24,2,28
BRDA:167,24,3,28
BRDA:182,25,0,12
BRDA:182,26,0,12
BRDA:182,26,1,12
BRDA:184,27,0,12
BRDA:184,27,1,12
BRDA:195,28,0,0
BRDA:195,29,0,0
BRDA:195,29,1,0
BRDA:198,30,0,0
BRDA:198,30,1,0
BRDA:198,30,2,0
BRDA:198,30,3,0
BRDA:214,31,0,28
BRDA:227,32,0,12
BRDA:240,33,0,0
BRDA:253,34,0,3
BRDA:253,35,0,3
BRDA:253,35,1,3
BRDA:266,36,0,14
BRDA:278,37,0,16
BRDA:278,38,0,17
BRDA:278,38,1,17
BRDA:280,39,0,16
BRDA:280,39,1,14
BRDA:289,40,0,1
BRDA:289,41,0,19
BRDA:289,41,1,19
BRDA:293,42,0,18
BRDA:293,42,1,17
BRDA:301,43,0,1
BRDA:301,44,0,19
BRDA:301,44,1,19
BRDA:304,45,0,18
BRDA:304,45,1,16
BRDA:310,46,0,0
BRDA:310,46,1,0
BRDA:310,47,0,0
BRDA:310,47,1,0
BRDA:319,48,0,0
BRDA:319,49,0,0
BRDA:319,49,1,0
BRDA:333,50,0,6
BRDA:333,51,0,41
BRDA:333,51,1,36
BRDA:339,52,0,8
BRDA:339,53,0,46
BRDA:339,53,1,45
BRDA:339,53,2,44
BRDA:356,54,0,8
BRDA:356,55,0,11
BRDA:356,55,1,6
BRDA:356,55,2,6
BRF:95
BRH:74
end_of_record
