TN:
SF:src/features/auth/machine/authMachine.ts
FN:19,(anonymous_0)
FN:54,(anonymous_1)
FN:61,(anonymous_2)
FN:64,(anonymous_3)
FN:68,(anonymous_4)
FN:73,(anonymous_5)
FN:77,(anonymous_6)
FN:81,(anonymous_7)
FN:86,(anonymous_8)
FN:90,(anonymous_9)
FN:96,(anonymous_10)
FN:100,(anonymous_11)
FN:113,(anonymous_12)
FN:126,(anonymous_13)
FN:132,(anonymous_14)
FN:135,(anonymous_15)
FN:138,(anonymous_16)
FN:157,(anonymous_17)
FN:193,(anonymous_18)
FN:237,(anonymous_19)
FN:248,(anonymous_20)
FN:260,(anonymous_21)
FN:277,(anonymous_22)
FN:293,(anonymous_23)
FN:338,(anonymous_24)
FN:349,(anonymous_25)
FN:361,(anonymous_26)
FN:378,(anonymous_27)
FN:387,(anonymous_28)
FN:401,(anonymous_29)
FNF:30
FNH:30
FNDA:6,(anonymous_0)
FNDA:21,(anonymous_1)
FNDA:21,(anonymous_2)
FNDA:7,(anonymous_3)
FNDA:7,(anonymous_4)
FNDA:5,(anonymous_5)
FNDA:6,(anonymous_6)
FNDA:2,(anonymous_7)
FNDA:1,(anonymous_8)
FNDA:1,(anonymous_9)
FNDA:5,(anonymous_10)
FNDA:10,(anonymous_11)
FNDA:12,(anonymous_12)
FNDA:7,(anonymous_13)
FNDA:2,(anonymous_14)
FNDA:2,(anonymous_15)
FNDA:1,(anonymous_16)
FNDA:20,(anonymous_17)
FNDA:4,(anonymous_18)
FNDA:7,(anonymous_19)
FNDA:4,(anonymous_20)
FNDA:3,(anonymous_21)
FNDA:2,(anonymous_22)
FNDA:2,(anonymous_23)
FNDA:5,(anonymous_24)
FNDA:4,(anonymous_25)
FNDA:3,(anonymous_26)
FNDA:2,(anonymous_27)
FNDA:1,(anonymous_28)
FNDA:1,(anonymous_29)
DA:6,1
DA:19,1
DA:22,6
DA:27,2
DA:29,4
DA:54,1
DA:55,21
DA:62,21
DA:65,7
DA:69,7
DA:74,5
DA:78,6
DA:82,2
DA:87,1
DA:91,1
DA:96,5
DA:100,10
DA:113,12
DA:126,7
DA:132,2
DA:135,2
DA:138,1
DA:157,20
DA:193,4
DA:237,7
DA:248,4
DA:260,3
DA:277,2
DA:293,2
DA:338,5
DA:349,4
DA:361,3
DA:378,2
DA:387,1
DA:401,1
LF:35
LH:35
BRDA:22,0,0,2
BRDA:23,1,0,6
BRDA:23,1,1,5
BRDA:23,1,2,3
BRDA:102,2,0,10
BRDA:102,2,1,4
BRDA:139,3,0,1
BRDA:139,3,1,0
BRDA:261,4,0,3
BRDA:261,4,1,0
BRDA:278,5,0,2
BRDA:278,5,1,0
BRDA:293,6,0,2
BRDA:293,6,1,0
BRDA:362,7,0,3
BRDA:362,7,1,0
BRDA:388,8,0,1
BRDA:388,8,1,0
BRDA:389,9,0,1
BRDA:389,9,1,0
BRDA:401,10,0,1
BRDA:401,10,1,0
BRF:22
BRH:14
end_of_record
TN:
SF:src/features/auth/repositories/AuthRepository.ts
FN:51,(anonymous_1)
FN:65,(anonymous_2)
FN:96,(anonymous_3)
FN:100,(anonymous_4)
FN:104,(anonymous_5)
FN:111,(anonymous_6)
FN:115,(anonymous_7)
FN:202,(anonymous_8)
FN:119,(anonymous_9)
FN:133,(anonymous_10)
FN:151,(anonymous_11)
FN:180,(anonymous_12)
FN:240,(anonymous_13)
FN:246,(anonymous_14)
FN:250,(anonymous_15)
FN:304,(anonymous_16)
FN:337,(anonymous_17)
FN:339,(anonymous_18)
FN:340,(anonymous_19)
FN:355,(anonymous_20)
FNF:20
FNH:20
FNDA:60,(anonymous_1)
FNDA:4,(anonymous_2)
FNDA:2,(anonymous_3)
FNDA:2,(anonymous_4)
FNDA:2,(anonymous_5)
FNDA:2,(anonymous_6)
FNDA:2,(anonymous_7)
FNDA:6,(anonymous_8)
FNDA:21,(anonymous_9)
FNDA:4,(anonymous_10)
FNDA:16,(anonymous_11)
FNDA:7,(anonymous_12)
FNDA:10,(anonymous_13)
FNDA:7,(anonymous_14)
FNDA:36,(anonymous_15)
FNDA:27,(anonymous_16)
FNDA:60,(anonymous_17)
FNDA:1,(anonymous_18)
FNDA:3,(anonymous_19)
FNDA:1,(anonymous_20)
DA:6,2
DA:27,2
DA:28,2
DA:35,2
DA:41,2
DA:47,2
DA:55,60
DA:56,60
DA:62,60
DA:65,60
DA:66,4
DA:71,1
DA:72,1
DA:73,0
DA:76,1
DA:77,1
DA:78,0
DA:81,1
DA:82,1
DA:84,1
DA:85,0
DA:88,1
DA:92,1
DA:93,1
DA:96,60
DA:97,2
DA:100,60
DA:101,2
DA:104,60
DA:105,2
DA:108,1
DA:111,60
DA:112,2
DA:115,60
DA:116,2
DA:121,21
DA:122,21
DA:125,19
DA:126,4
DA:130,15
DA:134,4
DA:136,3
DA:137,3
DA:140,1
DA:142,1
DA:145,1
DA:146,1
DA:147,1
DA:152,16
DA:153,16
DA:158,5
DA:159,5
DA:160,1
DA:161,1
DA:164,4
DA:165,4
DA:166,4
DA:168,11
DA:169,11
DA:170,11
DA:172,7
DA:176,4
DA:181,7
DA:182,7
DA:185,5
DA:186,4
DA:188,5
DA:191,2
DA:193,2
DA:196,1
DA:197,1
DA:198,1
DA:202,60
DA:203,6
DA:208,3
DA:209,3
DA:210,0
DA:213,3
DA:214,3
DA:215,0
DA:218,3
DA:219,3
DA:220,0
DA:224,3
DA:225,3
DA:226,1
DA:230,2
DA:236,2
DA:237,2
DA:241,10
DA:247,7
DA:251,36
DA:252,36
DA:254,33
DA:262,33
DA:265,29
DA:267,27
DA:274,27
DA:275,11
DA:279,27
DA:280,1
DA:283,27
DA:290,4
DA:292,4
DA:293,3
DA:297,3
DA:305,27
DA:306,27
DA:307,27
DA:310,26
DA:313,26
DA:315,24
DA:316,2
DA:318,1
DA:321,1
DA:324,23
DA:326,21
DA:329,19
DA:331,19
DA:333,4
DA:338,60
DA:339,1
DA:341,3
DA:342,3
DA:344,2
DA:347,2
DA:351,2
DA:352,1
DA:354,1
DA:355,1
DA:356,1
DA:358,1
LF:132
LH:126
BRDA:53,0,0,1
BRDA:72,1,0,0
BRDA:77,2,0,0
BRDA:84,3,0,0
BRDA:84,4,0,1
BRDA:84,4,1,1
BRDA:209,5,0,0
BRDA:214,6,0,0
BRDA:219,7,0,0
BRDA:219,8,0,3
BRDA:219,8,1,3
BRDA:225,9,0,1
BRDA:122,10,0,2
BRDA:125,11,0,4
BRDA:134,12,0,3
BRDA:159,13,0,1
BRDA:168,14,0,11
BRDA:170,15,0,7
BRDA:182,16,0,5
BRDA:185,17,0,4
BRDA:252,18,0,3
BRDA:265,19,0,27
BRDA:274,20,0,11
BRDA:279,21,0,1
BRDA:279,22,0,27
BRDA:279,22,1,1
BRDA:292,23,0,3
BRDA:292,24,0,4
BRDA:292,24,1,4
BRDA:307,25,0,1
BRDA:313,26,0,24
BRDA:313,26,1,2
BRDA:316,27,0,1
BRDA:316,27,1,1
BRDA:326,28,0,2
BRDA:342,29,0,1
BRDA:344,30,0,2
BRDA:344,30,1,1
BRDA:347,31,0,2
BRDA:347,31,1,1
BRDA:347,31,2,1
BRDA:351,32,0,1
BRF:42
BRH:36
end_of_record
TN:
SF:src/features/auth/utils/errorHandler.ts
FN:9,handleApiError
FN:38,withErrorHandling
FN:39,(anonymous_3)
FNF:3
FNH:3
FNDA:19,handleApiError
FNDA:423,withErrorHandling
FNDA:23,(anonymous_3)
DA:1,3
DA:2,3
DA:9,3
DA:10,19
DA:11,17
DA:12,17
DA:15,17
DA:16,17
DA:17,11
DA:21,6
DA:22,4
DA:26,2
DA:30,2
DA:38,3
DA:39,423
DA:40,23
DA:41,23
DA:42,22
DA:43,22
DA:45,0
DA:47,1
LF:21
LH:20
BRDA:10,0,0,17
BRDA:12,1,0,14
BRDA:12,1,1,3
BRDA:16,2,0,11
BRDA:16,3,0,17
BRDA:16,3,1,11
BRDA:21,4,0,4
BRDA:21,5,0,6
BRDA:21,5,1,5
BRDA:42,6,0,22
BRF:10
BRH:10
end_of_record
TN:
SF:src/features/auth/utils/safetyUtils.ts
FN:11,hasRequiredProperties
FN:18,(anonymous_1)
FN:27,safeExtractPayload
FN:37,safeExtractStringFromPayload
FN:48,safeExtractOutput
FN:58,safeExtractEmail
FN:65,safeExtractOtp
FN:72,safeExtractNewPassword
FN:79,safeGetStringFromContext
FN:86,isValidLoginRequest
FN:97,isAuthSession
FN:108,isUserProfile
FN:119,safeExtractActionToken
FN:126,safeExtractPasswordFromPending
FN:136,safeGetNestedValue
FN:159,safeArrayAccess
FNF:16
FNH:16
FNDA:43,hasRequiredProperties
FNDA:43,(anonymous_1)
FNDA:14,safeExtractPayload
FNDA:10,safeExtractStringFromPayload
FNDA:3,safeExtractOutput
FNDA:2,safeExtractEmail
FNDA:2,safeExtractOtp
FNDA:2,safeExtractNewPassword
FNDA:4,safeGetStringFromContext
FNDA:6,isValidLoginRequest
FNDA:8,isAuthSession
FNDA:14,isUserProfile
FNDA:4,safeExtractActionToken
FNDA:3,safeExtractPasswordFromPending
FNDA:31,safeGetNestedValue
FNDA:5,safeArrayAccess
DA:11,5
DA:15,43
DA:17,41
DA:18,41
DA:19,43
DA:20,43
DA:27,5
DA:28,14
DA:29,10
DA:31,4
DA:37,5
DA:38,10
DA:39,10
DA:40,4
DA:42,6
DA:48,5
DA:49,3
DA:50,2
DA:52,1
DA:58,5
DA:59,2
DA:65,5
DA:66,2
DA:72,5
DA:73,2
DA:79,5
DA:80,4
DA:86,5
DA:87,6
DA:88,5
DA:89,5
DA:91,1
DA:97,5
DA:98,8
DA:100,7
DA:101,7
DA:108,5
DA:109,14
DA:111,13
DA:112,13
DA:119,5
DA:120,4
DA:126,5
DA:127,3
DA:128,1
DA:130,2
DA:136,5
DA:141,31
DA:143,25
DA:144,25
DA:146,25
DA:147,31
DA:148,4
DA:150,27
DA:153,21
DA:159,5
DA:164,5
DA:165,4
DA:167,1
LF:59
LH:59
BRDA:15,0,0,2
BRDA:15,1,0,43
BRDA:15,1,1,42
BRDA:20,2,0,43
BRDA:20,2,1,40
BRDA:20,2,2,39
BRDA:28,3,0,10
BRDA:28,4,0,14
BRDA:28,4,1,12
BRDA:28,4,2,11
BRDA:39,5,0,4
BRDA:39,6,0,10
BRDA:39,6,1,9
BRDA:49,7,0,2
BRDA:49,8,0,3
BRDA:49,8,1,2
BRDA:79,9,0,3
BRDA:80,10,0,1
BRDA:80,10,1,3
BRDA:87,11,0,5
BRDA:87,12,0,6
BRDA:87,12,1,6
BRDA:89,13,0,5
BRDA:89,13,1,3
BRDA:98,14,0,1
BRDA:98,15,0,8
BRDA:98,15,1,8
BRDA:101,16,0,7
BRDA:101,16,1,6
BRDA:109,17,0,1
BRDA:109,18,0,14
BRDA:109,18,1,14
BRDA:112,19,0,13
BRDA:112,19,1,11
BRDA:120,20,0,1
BRDA:120,20,1,3
BRDA:120,21,0,4
BRDA:120,21,1,3
BRDA:127,22,0,1
BRDA:127,23,0,3
BRDA:127,23,1,2
BRDA:141,24,0,6
BRDA:141,25,0,31
BRDA:141,25,1,26
BRDA:147,26,0,4
BRDA:147,27,0,31
BRDA:147,27,1,31
BRDA:147,27,2,31
BRDA:164,28,0,4
BRDA:164,29,0,5
BRDA:164,29,1,3
BRDA:164,29,2,3
BRF:52
BRH:52
end_of_record
